2020-04-30 17:45:46,000 - MyTestV2 - INFO - [15296]打开浏览器
2020-04-30 17:53:06,690 - MyTestV2 - INFO - [10852]打开浏览器
2020-04-30 17:53:15,788 - MyTestV2 - INFO - [10852]输入用户名：admin
2020-04-30 17:53:45,825 - MyTestV2 - INFO - [10852]Message: no such element: Unable to locate element: {"method":"xpath","selector":"//input[@placeholder='请输入用户名']"}
  (Session info: chrome=77.0.3865.120)
  (Driver info: chromedriver=2.41.578737 (49da6702b16031c40d63e5618de03a32ff6c197e),platform=Windows NT 10.0.17134 x86_64)

2020-04-30 17:53:45,825 - MyTestV2 - INFO - [10852]544
2020-04-30 17:53:47,929 - MyTestV2 - INFO - [10852]打开浏览器
2020-04-30 17:53:51,719 - MyTestV2 - INFO - [10852]输入用户名：admin
2020-04-30 17:53:54,352 - MyTestV2 - INFO - [10852]'NoneType' object has no attribute 'send_keys'
2020-04-30 17:53:54,352 - MyTestV2 - INFO - [10852]544
2020-04-30 17:54:01,476 - MyTestV2 - INFO - [10852]HTTPConnectionPool(host='127.0.0.1', port=60493): Max retries exceeded with url: /session/de19bdfd3e3c92107b89ef2cce153b6c/element (Caused by NewConnectionError('<urllib3.connection.HTTPConnection object at 0x000001ECBEBA64E0>: Failed to establish a new connection: [WinError 10061] 由于目标计算机积极拒绝，无法连接。',))
2020-04-30 17:54:01,476 - MyTestV2 - INFO - [10852]405
2020-04-30 17:54:01,476 - MyTestV2 - INFO - [10852]无法连接，请检查设备的是否开启，或是否在同一网段
2020-04-30 17:54:05,218 - BrowserEngine - INFO - 本次测试使用浏览器：Chrome
2020-04-30 17:54:08,129 - BrowserEngine - INFO - Chrome已经启动...
2020-04-30 17:54:09,951 - BrowserEngine - INFO - 浏览器窗口最大化
2020-04-30 17:54:12,173 - BrowserEngine - INFO - 本次测试使用浏览器：Chrome
2020-04-30 17:54:14,384 - BrowserEngine - INFO - Chrome已经启动...
2020-04-30 17:54:16,005 - BrowserEngine - INFO - 浏览器窗口最大化
2020-04-30 17:54:28,258 - BrowserEngine - INFO - 本次测试使用浏览器：Chrome
2020-04-30 17:54:30,437 - BrowserEngine - INFO - Chrome已经启动...
2020-04-30 17:54:32,058 - BrowserEngine - INFO - 浏览器窗口最大化
