2020-06-24 09:53:50,388 - MyTestV2 - INFO - [None]1
2020-06-24 09:53:50,388 - MyTestV2 - INFO - [None]false
2020-06-24 09:53:50,502 - MyTestV2 - INFO - [None]0
2020-06-24 09:53:50,502 - MyTestV2 - INFO - [None]pass
2020-06-24 09:53:50,603 - MyTestV2 - INFO - [None]0
2020-06-24 09:53:50,603 - MyTestV2 - INFO - [None]pass
2020-06-24 09:53:50,723 - MyTestV2 - INFO - [None]0
2020-06-24 09:53:50,723 - MyTestV2 - INFO - [None]pass
2020-06-24 09:53:50,886 - MyTestV2 - INFO - [None]1
2020-06-24 09:53:50,886 - MyTestV2 - INFO - [None]false
2020-06-24 09:53:50,990 - MyTestV2 - INFO - [None]0
2020-06-24 09:53:50,990 - MyTestV2 - INFO - [None]pass
2020-06-24 09:53:51,105 - MyTestV2 - INFO - [None]0
2020-06-24 09:53:51,105 - MyTestV2 - INFO - [None]pass
2020-06-24 09:53:51,204 - MyTestV2 - INFO - [None]0
2020-06-24 09:53:51,205 - MyTestV2 - INFO - [None]pass
2020-06-24 09:53:51,384 - MyTestV2 - INFO - [None]1
2020-06-24 09:53:51,385 - MyTestV2 - INFO - [None]false
2020-06-24 09:53:51,480 - MyTestV2 - INFO - [None]0
2020-06-24 09:53:51,480 - MyTestV2 - INFO - [None]pass
2020-06-24 09:53:51,590 - MyTestV2 - INFO - [None]0
2020-06-24 09:53:51,590 - MyTestV2 - INFO - [None]pass
2020-06-24 09:53:51,691 - MyTestV2 - INFO - [None]0
2020-06-24 09:53:51,691 - MyTestV2 - INFO - [None]pass
2020-06-24 09:53:51,886 - MyTestV2 - INFO - [None]1
2020-06-24 09:53:51,887 - MyTestV2 - INFO - [None]false
2020-06-24 09:53:52,384 - MyTestV2 - INFO - [None]1
2020-06-24 09:53:52,385 - MyTestV2 - INFO - [None]false
2020-06-24 09:53:52,480 - MyTestV2 - INFO - [None]0
2020-06-24 09:53:52,481 - MyTestV2 - INFO - [None]pass
2020-06-24 09:53:52,581 - MyTestV2 - INFO - [None]0
2020-06-24 09:53:52,582 - MyTestV2 - INFO - [None]pass
2020-06-24 09:53:52,681 - MyTestV2 - INFO - [None]0
2020-06-24 09:53:52,681 - MyTestV2 - INFO - [None]pass
2020-06-24 09:53:52,778 - MyTestV2 - INFO - [None]0
2020-06-24 09:53:52,778 - MyTestV2 - INFO - [None]pass
2020-06-24 09:53:52,891 - MyTestV2 - INFO - [None]1
2020-06-24 09:53:52,892 - MyTestV2 - INFO - [None]false
2020-06-24 09:53:53,385 - MyTestV2 - INFO - [None]1
2020-06-24 09:53:53,385 - MyTestV2 - INFO - [None]false
2020-06-24 09:53:53,482 - MyTestV2 - INFO - [None]0
2020-06-24 09:53:53,482 - MyTestV2 - INFO - [None]pass
2020-06-24 09:53:53,887 - MyTestV2 - INFO - [None]1
2020-06-24 09:53:53,887 - MyTestV2 - INFO - [None]false
2020-06-24 09:53:53,984 - MyTestV2 - INFO - [None]0
2020-06-24 09:53:53,984 - MyTestV2 - INFO - [None]pass
2020-06-24 09:53:54,384 - MyTestV2 - INFO - [None]1
2020-06-24 09:53:54,384 - MyTestV2 - INFO - [None]false
2020-06-24 09:53:54,883 - MyTestV2 - INFO - [None]1
2020-06-24 09:53:54,883 - MyTestV2 - INFO - [None]false
2020-06-24 09:53:55,383 - MyTestV2 - INFO - [None]1
2020-06-24 09:53:55,384 - MyTestV2 - INFO - [None]false
2020-06-24 09:53:55,479 - MyTestV2 - INFO - [None]0
2020-06-24 09:53:55,479 - MyTestV2 - INFO - [None]pass
2020-06-24 09:53:55,569 - MyTestV2 - INFO - [None]0
2020-06-24 09:53:55,569 - MyTestV2 - INFO - [None]pass
2020-06-24 09:53:55,886 - MyTestV2 - INFO - [None]1
2020-06-24 09:53:55,886 - MyTestV2 - INFO - [None]false
2020-06-24 09:53:55,977 - MyTestV2 - INFO - [None]0
2020-06-24 09:53:55,977 - MyTestV2 - INFO - [None]pass
2020-06-24 09:53:56,411 - MyTestV2 - INFO - [None]1
2020-06-24 09:53:56,411 - MyTestV2 - INFO - [None]false
2020-06-24 09:53:56,509 - MyTestV2 - INFO - [None]0
2020-06-24 09:53:56,509 - MyTestV2 - INFO - [None]pass
2020-06-24 09:53:56,604 - MyTestV2 - INFO - [None]0
2020-06-24 09:53:56,604 - MyTestV2 - INFO - [None]pass
2020-06-24 09:53:56,699 - MyTestV2 - INFO - [None]0
2020-06-24 09:53:56,699 - MyTestV2 - INFO - [None]pass
2020-06-24 09:53:56,795 - MyTestV2 - INFO - [None]0
2020-06-24 09:53:56,795 - MyTestV2 - INFO - [None]pass
2020-06-24 09:53:57,387 - MyTestV2 - INFO - [None]1
2020-06-24 09:53:57,387 - MyTestV2 - INFO - [None]false
2020-06-24 09:53:57,479 - MyTestV2 - INFO - [None]0
2020-06-24 09:53:57,479 - MyTestV2 - INFO - [None]pass
2020-06-24 09:53:57,892 - MyTestV2 - INFO - [None]1
2020-06-24 09:53:57,892 - MyTestV2 - INFO - [None]false
2020-06-24 09:53:58,386 - MyTestV2 - INFO - [None]1
2020-06-24 09:53:58,386 - MyTestV2 - INFO - [None]false
2020-06-24 09:53:58,478 - MyTestV2 - INFO - [None]0
2020-06-24 09:53:58,479 - MyTestV2 - INFO - [None]pass
2020-06-24 09:53:58,884 - MyTestV2 - INFO - [None]1
2020-06-24 09:53:58,884 - MyTestV2 - INFO - [None]false
2020-06-24 09:53:59,385 - MyTestV2 - INFO - [None]1
2020-06-24 09:53:59,385 - MyTestV2 - INFO - [None]false
2020-06-24 09:53:59,886 - MyTestV2 - INFO - [None]1
2020-06-24 09:53:59,887 - MyTestV2 - INFO - [None]false
2020-06-24 09:53:59,981 - MyTestV2 - INFO - [None]0
2020-06-24 09:53:59,982 - MyTestV2 - INFO - [None]pass
2020-06-24 09:54:00,386 - MyTestV2 - INFO - [None]1
2020-06-24 09:54:00,386 - MyTestV2 - INFO - [None]false
2020-06-24 09:54:00,476 - MyTestV2 - INFO - [None]0
2020-06-24 09:54:00,476 - MyTestV2 - INFO - [None]pass
2020-06-24 09:54:00,884 - MyTestV2 - INFO - [None]1
2020-06-24 09:54:00,884 - MyTestV2 - INFO - [None]false
2020-06-24 09:54:01,386 - MyTestV2 - INFO - [None]1
2020-06-24 09:54:01,386 - MyTestV2 - INFO - [None]false
2020-06-24 09:54:01,478 - MyTestV2 - INFO - [None]0
2020-06-24 09:54:01,478 - MyTestV2 - INFO - [None]pass
2020-06-24 09:54:01,885 - MyTestV2 - INFO - [None]1
2020-06-24 09:54:01,885 - MyTestV2 - INFO - [None]false
2020-06-24 09:54:02,384 - MyTestV2 - INFO - [None]1
2020-06-24 09:54:02,384 - MyTestV2 - INFO - [None]false
2020-06-24 09:54:02,885 - MyTestV2 - INFO - [None]1
2020-06-24 09:54:02,885 - MyTestV2 - INFO - [None]false
2020-06-24 09:54:03,384 - MyTestV2 - INFO - [None]1
2020-06-24 09:54:03,384 - MyTestV2 - INFO - [None]false
2020-06-24 09:54:03,886 - MyTestV2 - INFO - [None]1
2020-06-24 09:54:03,886 - MyTestV2 - INFO - [None]false
2020-06-24 09:54:04,388 - MyTestV2 - INFO - [None]1
2020-06-24 09:54:04,388 - MyTestV2 - INFO - [None]false
2020-06-24 09:54:04,886 - MyTestV2 - INFO - [None]1
2020-06-24 09:54:04,886 - MyTestV2 - INFO - [None]false
2020-06-24 09:54:05,383 - MyTestV2 - INFO - [None]1
2020-06-24 09:54:05,384 - MyTestV2 - INFO - [None]false
2020-06-24 09:54:05,885 - MyTestV2 - INFO - [None]1
2020-06-24 09:54:05,885 - MyTestV2 - INFO - [None]false
2020-06-24 09:54:06,385 - MyTestV2 - INFO - [None]1
2020-06-24 09:54:06,385 - MyTestV2 - INFO - [None]false
2020-06-24 09:54:06,885 - MyTestV2 - INFO - [None]1
2020-06-24 09:54:06,885 - MyTestV2 - INFO - [None]false
2020-06-24 09:54:06,887 - MyTestV2 - INFO - [None]OnlineIpArry:['192.168.3.31', '192.168.3.32', '192.168.3.33', '192.168.3.35', '192.168.3.36', '192.168.3.37', '192.168.3.39', '192.168.3.40', '192.168.3.41', '192.168.3.44', '192.168.3.45', '192.168.3.46', '192.168.3.47', '192.168.3.50', '192.168.3.52', '192.168.3.56', '192.168.3.57', '192.168.3.59', '192.168.3.61', '192.168.3.62', '192.168.3.63', '192.168.3.64', '192.168.3.66', '192.168.3.69', '192.168.3.73', '192.168.3.75', '192.168.3.78', '', '', '', '', '', '', '', '', '', '', '', '', '', '', '', '', '', '', '', '', '', '', '', '', '', '', '', '', '', '', '', '', '']
2020-06-24 10:00:12,389 - MyTestV2 - INFO - [None]1
2020-06-24 10:00:12,389 - MyTestV2 - INFO - [None]false
2020-06-24 10:00:12,489 - MyTestV2 - INFO - [None]0
2020-06-24 10:00:12,489 - MyTestV2 - INFO - [None]pass
2020-06-24 10:00:12,592 - MyTestV2 - INFO - [None]0
2020-06-24 10:00:12,592 - MyTestV2 - INFO - [None]pass
2020-06-24 10:00:12,696 - MyTestV2 - INFO - [None]0
2020-06-24 10:00:12,696 - MyTestV2 - INFO - [None]pass
2020-06-24 10:00:12,884 - MyTestV2 - INFO - [None]1
2020-06-24 10:00:12,884 - MyTestV2 - INFO - [None]false
2020-06-24 10:00:12,987 - MyTestV2 - INFO - [None]0
2020-06-24 10:00:12,988 - MyTestV2 - INFO - [None]pass
2020-06-24 10:00:13,091 - MyTestV2 - INFO - [None]0
2020-06-24 10:00:13,091 - MyTestV2 - INFO - [None]pass
2020-06-24 10:00:13,190 - MyTestV2 - INFO - [None]0
2020-06-24 10:00:13,191 - MyTestV2 - INFO - [None]pass
2020-06-24 10:00:13,386 - MyTestV2 - INFO - [None]1
2020-06-24 10:00:13,386 - MyTestV2 - INFO - [None]false
2020-06-24 10:00:13,507 - MyTestV2 - INFO - [None]0
2020-06-24 10:00:13,507 - MyTestV2 - INFO - [None]pass
2020-06-24 10:00:13,608 - MyTestV2 - INFO - [None]0
2020-06-24 10:00:13,608 - MyTestV2 - INFO - [None]pass
2020-06-24 10:00:13,700 - MyTestV2 - INFO - [None]0
2020-06-24 10:00:13,701 - MyTestV2 - INFO - [None]pass
2020-06-24 10:00:13,883 - MyTestV2 - INFO - [None]1
2020-06-24 10:00:13,883 - MyTestV2 - INFO - [None]false
2020-06-24 10:00:14,385 - MyTestV2 - INFO - [None]1
2020-06-24 10:00:14,385 - MyTestV2 - INFO - [None]false
2020-06-24 10:00:14,482 - MyTestV2 - INFO - [None]0
2020-06-24 10:00:14,483 - MyTestV2 - INFO - [None]pass
2020-06-24 10:00:14,577 - MyTestV2 - INFO - [None]0
2020-06-24 10:00:14,577 - MyTestV2 - INFO - [None]pass
2020-06-24 10:00:14,681 - MyTestV2 - INFO - [None]0
2020-06-24 10:00:14,681 - MyTestV2 - INFO - [None]pass
2020-06-24 10:00:14,780 - MyTestV2 - INFO - [None]0
2020-06-24 10:00:14,780 - MyTestV2 - INFO - [None]pass
2020-06-24 10:00:14,884 - MyTestV2 - INFO - [None]1
2020-06-24 10:00:14,884 - MyTestV2 - INFO - [None]false
2020-06-24 10:00:15,383 - MyTestV2 - INFO - [None]1
2020-06-24 10:00:15,383 - MyTestV2 - INFO - [None]false
2020-06-24 10:00:15,478 - MyTestV2 - INFO - [None]0
2020-06-24 10:00:15,478 - MyTestV2 - INFO - [None]pass
2020-06-24 10:00:15,895 - MyTestV2 - INFO - [None]1
2020-06-24 10:00:15,895 - MyTestV2 - INFO - [None]false
2020-06-24 10:00:15,992 - MyTestV2 - INFO - [None]0
2020-06-24 10:00:15,992 - MyTestV2 - INFO - [None]pass
2020-06-24 10:00:16,088 - MyTestV2 - INFO - [None]0
2020-06-24 10:00:16,089 - MyTestV2 - INFO - [None]pass
2020-06-24 10:00:16,384 - MyTestV2 - INFO - [None]1
2020-06-24 10:00:16,384 - MyTestV2 - INFO - [None]false
2020-06-24 10:00:16,883 - MyTestV2 - INFO - [None]1
2020-06-24 10:00:16,884 - MyTestV2 - INFO - [None]false
2020-06-24 10:00:16,981 - MyTestV2 - INFO - [None]0
2020-06-24 10:00:16,981 - MyTestV2 - INFO - [None]pass
2020-06-24 10:00:17,075 - MyTestV2 - INFO - [None]0
2020-06-24 10:00:17,075 - MyTestV2 - INFO - [None]pass
2020-06-24 10:00:17,383 - MyTestV2 - INFO - [None]1
2020-06-24 10:00:17,383 - MyTestV2 - INFO - [None]false
2020-06-24 10:00:17,479 - MyTestV2 - INFO - [None]0
2020-06-24 10:00:17,479 - MyTestV2 - INFO - [None]pass
2020-06-24 10:00:17,883 - MyTestV2 - INFO - [None]1
2020-06-24 10:00:17,883 - MyTestV2 - INFO - [None]false
2020-06-24 10:00:17,982 - MyTestV2 - INFO - [None]0
2020-06-24 10:00:17,982 - MyTestV2 - INFO - [None]pass
2020-06-24 10:00:18,077 - MyTestV2 - INFO - [None]0
2020-06-24 10:00:18,077 - MyTestV2 - INFO - [None]pass
2020-06-24 10:00:18,177 - MyTestV2 - INFO - [None]0
2020-06-24 10:00:18,177 - MyTestV2 - INFO - [None]pass
2020-06-24 10:00:18,271 - MyTestV2 - INFO - [None]0
2020-06-24 10:00:18,271 - MyTestV2 - INFO - [None]pass
2020-06-24 10:00:18,384 - MyTestV2 - INFO - [None]1
2020-06-24 10:00:18,384 - MyTestV2 - INFO - [None]false
2020-06-24 10:00:18,479 - MyTestV2 - INFO - [None]0
2020-06-24 10:00:18,479 - MyTestV2 - INFO - [None]pass
2020-06-24 10:00:18,883 - MyTestV2 - INFO - [None]1
2020-06-24 10:00:18,884 - MyTestV2 - INFO - [None]false
2020-06-24 10:00:19,385 - MyTestV2 - INFO - [None]1
2020-06-24 10:00:19,385 - MyTestV2 - INFO - [None]false
2020-06-24 10:00:19,478 - MyTestV2 - INFO - [None]0
2020-06-24 10:00:19,479 - MyTestV2 - INFO - [None]pass
2020-06-24 10:00:19,886 - MyTestV2 - INFO - [None]1
2020-06-24 10:00:19,886 - MyTestV2 - INFO - [None]false
2020-06-24 10:00:20,383 - MyTestV2 - INFO - [None]1
2020-06-24 10:00:20,384 - MyTestV2 - INFO - [None]false
2020-06-24 10:00:20,890 - MyTestV2 - INFO - [None]1
2020-06-24 10:00:20,890 - MyTestV2 - INFO - [None]false
2020-06-24 10:00:21,000 - MyTestV2 - INFO - [None]0
2020-06-24 10:00:21,000 - MyTestV2 - INFO - [None]pass
2020-06-24 10:00:21,386 - MyTestV2 - INFO - [None]1
2020-06-24 10:00:21,386 - MyTestV2 - INFO - [None]false
2020-06-24 10:00:21,480 - MyTestV2 - INFO - [None]0
2020-06-24 10:00:21,480 - MyTestV2 - INFO - [None]pass
2020-06-24 10:00:21,885 - MyTestV2 - INFO - [None]1
2020-06-24 10:00:21,885 - MyTestV2 - INFO - [None]false
2020-06-24 10:00:22,386 - MyTestV2 - INFO - [None]1
2020-06-24 10:00:22,386 - MyTestV2 - INFO - [None]false
2020-06-24 10:00:22,481 - MyTestV2 - INFO - [None]0
2020-06-24 10:00:22,481 - MyTestV2 - INFO - [None]pass
2020-06-24 10:00:22,885 - MyTestV2 - INFO - [None]1
2020-06-24 10:00:22,886 - MyTestV2 - INFO - [None]false
2020-06-24 10:00:23,384 - MyTestV2 - INFO - [None]1
2020-06-24 10:00:23,384 - MyTestV2 - INFO - [None]false
2020-06-24 10:00:23,885 - MyTestV2 - INFO - [None]1
2020-06-24 10:00:23,885 - MyTestV2 - INFO - [None]false
2020-06-24 10:00:24,388 - MyTestV2 - INFO - [None]1
2020-06-24 10:00:24,389 - MyTestV2 - INFO - [None]false
2020-06-24 10:00:24,911 - MyTestV2 - INFO - [None]1
2020-06-24 10:00:24,911 - MyTestV2 - INFO - [None]false
2020-06-24 10:00:25,396 - MyTestV2 - INFO - [None]1
2020-06-24 10:00:25,396 - MyTestV2 - INFO - [None]false
2020-06-24 10:00:25,885 - MyTestV2 - INFO - [None]1
2020-06-24 10:00:25,886 - MyTestV2 - INFO - [None]false
2020-06-24 10:00:26,385 - MyTestV2 - INFO - [None]1
2020-06-24 10:00:26,385 - MyTestV2 - INFO - [None]false
2020-06-24 10:00:26,895 - MyTestV2 - INFO - [None]1
2020-06-24 10:00:26,895 - MyTestV2 - INFO - [None]false
2020-06-24 10:00:27,386 - MyTestV2 - INFO - [None]1
2020-06-24 10:00:27,386 - MyTestV2 - INFO - [None]false
2020-06-24 10:00:27,886 - MyTestV2 - INFO - [None]1
2020-06-24 10:00:27,886 - MyTestV2 - INFO - [None]false
2020-06-24 10:00:28,385 - MyTestV2 - INFO - [None]1
2020-06-24 10:00:28,385 - MyTestV2 - INFO - [None]false
2020-06-24 10:00:28,887 - MyTestV2 - INFO - [None]1
2020-06-24 10:00:32,139 - MyTestV2 - INFO - [None]false
2020-06-24 10:00:32,384 - MyTestV2 - INFO - [None]1
2020-06-24 10:00:32,384 - MyTestV2 - INFO - [None]false
2020-06-24 10:00:32,884 - MyTestV2 - INFO - [None]1
2020-06-24 10:00:32,885 - MyTestV2 - INFO - [None]false
2020-06-24 10:00:33,385 - MyTestV2 - INFO - [None]1
2020-06-24 10:00:33,385 - MyTestV2 - INFO - [None]false
2020-06-24 10:00:33,972 - MyTestV2 - INFO - [None]1
2020-06-24 10:00:33,972 - MyTestV2 - INFO - [None]false
2020-06-24 10:00:34,385 - MyTestV2 - INFO - [None]1
2020-06-24 10:00:34,385 - MyTestV2 - INFO - [None]false
2020-06-24 10:00:34,885 - MyTestV2 - INFO - [None]1
2020-06-24 10:00:34,885 - MyTestV2 - INFO - [None]false
2020-06-24 10:00:35,390 - MyTestV2 - INFO - [None]1
2020-06-24 10:00:35,390 - MyTestV2 - INFO - [None]false
2020-06-24 10:00:35,892 - MyTestV2 - INFO - [None]1
2020-06-24 10:00:35,892 - MyTestV2 - INFO - [None]false
2020-06-24 10:00:36,386 - MyTestV2 - INFO - [None]1
2020-06-24 10:00:36,386 - MyTestV2 - INFO - [None]false
2020-06-24 10:00:36,895 - MyTestV2 - INFO - [None]1
2020-06-24 10:00:36,895 - MyTestV2 - INFO - [None]false
2020-06-24 10:00:37,389 - MyTestV2 - INFO - [None]1
2020-06-24 10:00:37,389 - MyTestV2 - INFO - [None]false
2020-06-24 10:00:37,895 - MyTestV2 - INFO - [None]1
2020-06-24 10:00:37,895 - MyTestV2 - INFO - [None]false
2020-06-24 10:00:38,386 - MyTestV2 - INFO - [None]1
2020-06-24 10:00:38,386 - MyTestV2 - INFO - [None]false
2020-06-24 10:00:38,887 - MyTestV2 - INFO - [None]1
2020-06-24 10:00:38,887 - MyTestV2 - INFO - [None]false
2020-06-24 10:00:39,386 - MyTestV2 - INFO - [None]1
2020-06-24 10:00:39,386 - MyTestV2 - INFO - [None]false
2020-06-24 10:00:39,886 - MyTestV2 - INFO - [None]1
2020-06-24 10:00:39,886 - MyTestV2 - INFO - [None]false
2020-06-24 10:00:40,385 - MyTestV2 - INFO - [None]1
2020-06-24 10:00:40,385 - MyTestV2 - INFO - [None]false
2020-06-24 10:00:40,894 - MyTestV2 - INFO - [None]1
2020-06-24 10:00:40,894 - MyTestV2 - INFO - [None]false
2020-06-24 10:00:41,384 - MyTestV2 - INFO - [None]1
2020-06-24 10:00:41,384 - MyTestV2 - INFO - [None]false
2020-06-24 10:00:41,883 - MyTestV2 - INFO - [None]1
2020-06-24 10:00:41,883 - MyTestV2 - INFO - [None]false
2020-06-24 10:00:42,388 - MyTestV2 - INFO - [None]1
2020-06-24 10:00:42,388 - MyTestV2 - INFO - [None]false
2020-06-24 10:00:42,885 - MyTestV2 - INFO - [None]1
2020-06-24 10:00:42,885 - MyTestV2 - INFO - [None]false
2020-06-24 10:00:43,002 - MyTestV2 - INFO - [None]0
2020-06-24 10:00:43,002 - MyTestV2 - INFO - [None]pass
2020-06-24 10:00:43,383 - MyTestV2 - INFO - [None]1
2020-06-24 10:00:43,383 - MyTestV2 - INFO - [None]false
2020-06-24 10:00:43,884 - MyTestV2 - INFO - [None]1
2020-06-24 10:00:43,884 - MyTestV2 - INFO - [None]false
2020-06-24 10:00:44,384 - MyTestV2 - INFO - [None]1
2020-06-24 10:00:44,384 - MyTestV2 - INFO - [None]false
2020-06-24 10:00:44,886 - MyTestV2 - INFO - [None]1
2020-06-24 10:00:44,886 - MyTestV2 - INFO - [None]false
2020-06-24 10:00:45,383 - MyTestV2 - INFO - [None]1
2020-06-24 10:00:45,384 - MyTestV2 - INFO - [None]false
2020-06-24 10:00:45,885 - MyTestV2 - INFO - [None]1
2020-06-24 10:00:45,885 - MyTestV2 - INFO - [None]false
2020-06-24 10:00:46,383 - MyTestV2 - INFO - [None]1
2020-06-24 10:00:46,383 - MyTestV2 - INFO - [None]false
2020-06-24 10:00:46,884 - MyTestV2 - INFO - [None]1
2020-06-24 10:00:46,884 - MyTestV2 - INFO - [None]false
2020-06-24 10:00:47,384 - MyTestV2 - INFO - [None]1
2020-06-24 10:00:47,385 - MyTestV2 - INFO - [None]false
2020-06-24 10:00:47,899 - MyTestV2 - INFO - [None]1
2020-06-24 10:00:47,899 - MyTestV2 - INFO - [None]false
2020-06-24 10:00:48,388 - MyTestV2 - INFO - [None]1
2020-06-24 10:00:48,388 - MyTestV2 - INFO - [None]false
2020-06-24 10:00:48,884 - MyTestV2 - INFO - [None]1
2020-06-24 10:00:48,885 - MyTestV2 - INFO - [None]false
2020-06-24 10:00:49,386 - MyTestV2 - INFO - [None]1
2020-06-24 10:00:49,386 - MyTestV2 - INFO - [None]false
2020-06-24 10:00:49,889 - MyTestV2 - INFO - [None]1
2020-06-24 10:00:49,889 - MyTestV2 - INFO - [None]false
2020-06-24 10:00:50,388 - MyTestV2 - INFO - [None]1
2020-06-24 10:00:50,388 - MyTestV2 - INFO - [None]false
2020-06-24 10:00:50,885 - MyTestV2 - INFO - [None]1
2020-06-24 10:00:50,885 - MyTestV2 - INFO - [None]false
2020-06-24 10:00:51,384 - MyTestV2 - INFO - [None]1
2020-06-24 10:00:51,384 - MyTestV2 - INFO - [None]false
2020-06-24 10:00:51,884 - MyTestV2 - INFO - [None]1
2020-06-24 10:00:51,884 - MyTestV2 - INFO - [None]false
2020-06-24 10:00:52,384 - MyTestV2 - INFO - [None]1
2020-06-24 10:00:52,384 - MyTestV2 - INFO - [None]false
2020-06-24 10:00:52,899 - MyTestV2 - INFO - [None]1
2020-06-24 10:00:52,899 - MyTestV2 - INFO - [None]false
2020-06-24 10:00:53,385 - MyTestV2 - INFO - [None]1
2020-06-24 10:00:53,385 - MyTestV2 - INFO - [None]false
2020-06-24 10:00:53,498 - MyTestV2 - INFO - [None]0
2020-06-24 10:00:53,498 - MyTestV2 - INFO - [None]pass
2020-06-24 10:00:53,885 - MyTestV2 - INFO - [None]1
2020-06-24 10:00:53,885 - MyTestV2 - INFO - [None]false
2020-06-24 10:00:54,386 - MyTestV2 - INFO - [None]1
2020-06-24 10:00:54,386 - MyTestV2 - INFO - [None]false
2020-06-24 10:00:54,885 - MyTestV2 - INFO - [None]1
2020-06-24 10:00:54,885 - MyTestV2 - INFO - [None]false
2020-06-24 10:00:55,389 - MyTestV2 - INFO - [None]1
2020-06-24 10:00:55,389 - MyTestV2 - INFO - [None]false
2020-06-24 10:00:55,885 - MyTestV2 - INFO - [None]1
2020-06-24 10:00:55,885 - MyTestV2 - INFO - [None]false
2020-06-24 10:00:56,388 - MyTestV2 - INFO - [None]1
2020-06-24 10:00:56,388 - MyTestV2 - INFO - [None]false
2020-06-24 10:00:56,885 - MyTestV2 - INFO - [None]1
2020-06-24 10:00:56,885 - MyTestV2 - INFO - [None]false
2020-06-24 10:00:57,383 - MyTestV2 - INFO - [None]1
2020-06-24 10:00:57,383 - MyTestV2 - INFO - [None]false
2020-06-24 10:00:57,885 - MyTestV2 - INFO - [None]1
2020-06-24 10:00:57,886 - MyTestV2 - INFO - [None]false
2020-06-24 10:00:58,385 - MyTestV2 - INFO - [None]1
2020-06-24 10:00:58,385 - MyTestV2 - INFO - [None]false
2020-06-24 10:00:58,885 - MyTestV2 - INFO - [None]1
2020-06-24 10:00:58,886 - MyTestV2 - INFO - [None]false
2020-06-24 10:00:59,385 - MyTestV2 - INFO - [None]1
2020-06-24 10:00:59,385 - MyTestV2 - INFO - [None]false
2020-06-24 10:00:59,889 - MyTestV2 - INFO - [None]1
2020-06-24 10:00:59,889 - MyTestV2 - INFO - [None]false
2020-06-24 10:00:59,890 - MyTestV2 - INFO - [None]OnlineIpArry:['192.168.3.31', '192.168.3.32', '192.168.3.33', '192.168.3.35', '192.168.3.36', '192.168.3.37', '192.168.3.39', '192.168.3.40', '192.168.3.41', '192.168.3.44', '192.168.3.45', '192.168.3.46', '192.168.3.47', '192.168.3.50', '192.168.3.52', '192.168.3.53', '192.168.3.56', '192.168.3.57', '192.168.3.59', '192.168.3.61', '192.168.3.62', '192.168.3.63', '192.168.3.64', '192.168.3.66', '192.168.3.69', '192.168.3.73', '192.168.3.75', '192.168.3.78', '192.168.3.114', '192.168.3.136', '', '', '', '', '', '', '', '', '', '', '', '', '', '', '', '', '', '', '', '', '', '', '', '', '', '', '', '', '', '', '', '', '', '', '', '', '', '', '', '', '', '', '', '', '', '', '', '', '', '', '', '', '', '', '', '', '', '', '', '', '', '', '', '', '', '', '', '', '', '', '', '', '', '', '', '', '', '', '', '', '', '', '', '', '', '', '', '', '', '']
2020-06-24 10:42:13,885 - MyTestV2 - INFO - [None]1
2020-06-24 10:42:13,885 - MyTestV2 - INFO - [None]false
2020-06-24 10:42:16,971 - MyTestV2 - INFO - [None]0
2020-06-24 10:42:16,971 - MyTestV2 - INFO - [None]pass
2020-06-24 10:42:20,008 - MyTestV2 - INFO - [None]0
2020-06-24 10:42:20,008 - MyTestV2 - INFO - [None]pass
2020-06-24 10:42:23,043 - MyTestV2 - INFO - [None]0
2020-06-24 10:42:23,043 - MyTestV2 - INFO - [None]pass
2020-06-24 10:42:26,384 - MyTestV2 - INFO - [None]1
2020-06-24 10:42:26,384 - MyTestV2 - INFO - [None]false
2020-06-24 10:42:26,502 - MyTestV2 - INFO - [None]0
2020-06-24 10:42:26,502 - MyTestV2 - INFO - [None]pass
2020-06-24 10:42:26,606 - MyTestV2 - INFO - [None]0
2020-06-24 10:42:26,606 - MyTestV2 - INFO - [None]pass
2020-06-24 10:42:26,710 - MyTestV2 - INFO - [None]0
2020-06-24 10:42:26,710 - MyTestV2 - INFO - [None]pass
2020-06-24 10:42:26,885 - MyTestV2 - INFO - [None]1
2020-06-24 10:42:26,885 - MyTestV2 - INFO - [None]false
2020-06-24 10:42:26,987 - MyTestV2 - INFO - [None]0
2020-06-24 10:42:26,987 - MyTestV2 - INFO - [None]pass
2020-06-24 10:42:27,092 - MyTestV2 - INFO - [None]0
2020-06-24 10:42:27,092 - MyTestV2 - INFO - [None]pass
2020-06-24 10:42:27,195 - MyTestV2 - INFO - [None]0
2020-06-24 10:42:27,195 - MyTestV2 - INFO - [None]pass
2020-06-24 10:42:27,384 - MyTestV2 - INFO - [None]1
2020-06-24 10:42:27,384 - MyTestV2 - INFO - [None]false
2020-06-24 10:42:27,883 - MyTestV2 - INFO - [None]1
2020-06-24 10:42:27,884 - MyTestV2 - INFO - [None]false
2020-06-24 10:42:27,989 - MyTestV2 - INFO - [None]0
2020-06-24 10:42:27,989 - MyTestV2 - INFO - [None]pass
2020-06-24 10:42:28,094 - MyTestV2 - INFO - [None]0
2020-06-24 10:42:28,094 - MyTestV2 - INFO - [None]pass
2020-06-24 10:42:28,197 - MyTestV2 - INFO - [None]0
2020-06-24 10:42:28,197 - MyTestV2 - INFO - [None]pass
2020-06-24 10:42:28,315 - MyTestV2 - INFO - [None]0
2020-06-24 10:42:28,315 - MyTestV2 - INFO - [None]pass
2020-06-24 10:42:28,888 - MyTestV2 - INFO - [None]1
2020-06-24 10:42:28,888 - MyTestV2 - INFO - [None]false
2020-06-24 10:42:29,389 - MyTestV2 - INFO - [None]1
2020-06-24 10:42:29,389 - MyTestV2 - INFO - [None]false
2020-06-24 10:42:29,488 - MyTestV2 - INFO - [None]0
2020-06-24 10:42:29,488 - MyTestV2 - INFO - [None]pass
2020-06-24 10:42:29,886 - MyTestV2 - INFO - [None]1
2020-06-24 10:42:29,886 - MyTestV2 - INFO - [None]false
2020-06-24 10:42:30,004 - MyTestV2 - INFO - [None]0
2020-06-24 10:42:30,005 - MyTestV2 - INFO - [None]pass
2020-06-24 10:42:30,107 - MyTestV2 - INFO - [None]0
2020-06-24 10:42:30,107 - MyTestV2 - INFO - [None]pass
2020-06-24 10:42:30,386 - MyTestV2 - INFO - [None]1
2020-06-24 10:42:30,386 - MyTestV2 - INFO - [None]false
2020-06-24 10:42:30,885 - MyTestV2 - INFO - [None]1
2020-06-24 10:42:30,885 - MyTestV2 - INFO - [None]false
2020-06-24 10:42:30,993 - MyTestV2 - INFO - [None]0
2020-06-24 10:42:30,994 - MyTestV2 - INFO - [None]pass
2020-06-24 10:42:31,096 - MyTestV2 - INFO - [None]0
2020-06-24 10:42:31,097 - MyTestV2 - INFO - [None]pass
2020-06-24 10:42:31,385 - MyTestV2 - INFO - [None]1
2020-06-24 10:42:31,385 - MyTestV2 - INFO - [None]false
2020-06-24 10:42:31,485 - MyTestV2 - INFO - [None]0
2020-06-24 10:42:31,485 - MyTestV2 - INFO - [None]pass
2020-06-24 10:42:31,894 - MyTestV2 - INFO - [None]1
2020-06-24 10:42:31,895 - MyTestV2 - INFO - [None]false
2020-06-24 10:42:32,000 - MyTestV2 - INFO - [None]0
2020-06-24 10:42:32,001 - MyTestV2 - INFO - [None]pass
2020-06-24 10:42:32,102 - MyTestV2 - INFO - [None]0
2020-06-24 10:42:32,102 - MyTestV2 - INFO - [None]pass
2020-06-24 10:42:32,206 - MyTestV2 - INFO - [None]0
2020-06-24 10:42:32,206 - MyTestV2 - INFO - [None]pass
2020-06-24 10:42:32,311 - MyTestV2 - INFO - [None]0
2020-06-24 10:42:32,311 - MyTestV2 - INFO - [None]pass
2020-06-24 10:42:32,885 - MyTestV2 - INFO - [None]1
2020-06-24 10:42:32,885 - MyTestV2 - INFO - [None]false
2020-06-24 10:42:32,996 - MyTestV2 - INFO - [None]0
2020-06-24 10:42:32,996 - MyTestV2 - INFO - [None]pass
2020-06-24 10:42:33,384 - MyTestV2 - INFO - [None]1
2020-06-24 10:42:33,384 - MyTestV2 - INFO - [None]false
2020-06-24 10:42:33,886 - MyTestV2 - INFO - [None]1
2020-06-24 10:42:33,887 - MyTestV2 - INFO - [None]false
2020-06-24 10:42:33,992 - MyTestV2 - INFO - [None]0
2020-06-24 10:42:33,993 - MyTestV2 - INFO - [None]pass
2020-06-24 10:42:34,384 - MyTestV2 - INFO - [None]1
2020-06-24 10:42:34,384 - MyTestV2 - INFO - [None]false
2020-06-24 10:42:34,887 - MyTestV2 - INFO - [None]1
2020-06-24 10:42:34,887 - MyTestV2 - INFO - [None]false
2020-06-24 10:42:35,394 - MyTestV2 - INFO - [None]1
2020-06-24 10:42:35,394 - MyTestV2 - INFO - [None]false
2020-06-24 10:42:35,494 - MyTestV2 - INFO - [None]0
2020-06-24 10:42:35,495 - MyTestV2 - INFO - [None]pass
2020-06-24 10:42:35,887 - MyTestV2 - INFO - [None]1
2020-06-24 10:42:35,888 - MyTestV2 - INFO - [None]false
2020-06-24 10:42:35,992 - MyTestV2 - INFO - [None]0
2020-06-24 10:42:35,993 - MyTestV2 - INFO - [None]pass
2020-06-24 10:42:36,384 - MyTestV2 - INFO - [None]1
2020-06-24 10:42:36,384 - MyTestV2 - INFO - [None]false
2020-06-24 10:42:36,889 - MyTestV2 - INFO - [None]1
2020-06-24 10:42:36,890 - MyTestV2 - INFO - [None]false
2020-06-24 10:42:36,993 - MyTestV2 - INFO - [None]0
2020-06-24 10:42:36,993 - MyTestV2 - INFO - [None]pass
2020-06-24 10:42:37,390 - MyTestV2 - INFO - [None]1
2020-06-24 10:42:37,390 - MyTestV2 - INFO - [None]false
2020-06-24 10:42:37,883 - MyTestV2 - INFO - [None]1
2020-06-24 10:42:37,883 - MyTestV2 - INFO - [None]false
2020-06-24 10:42:38,384 - MyTestV2 - INFO - [None]1
2020-06-24 10:42:38,384 - MyTestV2 - INFO - [None]false
2020-06-24 10:42:38,884 - MyTestV2 - INFO - [None]1
2020-06-24 10:42:38,884 - MyTestV2 - INFO - [None]false
2020-06-24 10:42:39,383 - MyTestV2 - INFO - [None]1
2020-06-24 10:42:39,383 - MyTestV2 - INFO - [None]false
2020-06-24 10:42:39,884 - MyTestV2 - INFO - [None]1
2020-06-24 10:42:39,884 - MyTestV2 - INFO - [None]false
2020-06-24 10:42:40,385 - MyTestV2 - INFO - [None]1
2020-06-24 10:42:40,385 - MyTestV2 - INFO - [None]false
2020-06-24 10:42:40,892 - MyTestV2 - INFO - [None]1
2020-06-24 10:42:40,892 - MyTestV2 - INFO - [None]false
2020-06-24 10:42:41,387 - MyTestV2 - INFO - [None]1
2020-06-24 10:42:41,387 - MyTestV2 - INFO - [None]false
2020-06-24 10:42:41,885 - MyTestV2 - INFO - [None]1
2020-06-24 10:42:41,885 - MyTestV2 - INFO - [None]false
2020-06-24 10:42:42,385 - MyTestV2 - INFO - [None]1
2020-06-24 10:42:42,385 - MyTestV2 - INFO - [None]false
2020-06-24 10:42:42,885 - MyTestV2 - INFO - [None]1
2020-06-24 10:42:42,885 - MyTestV2 - INFO - [None]false
2020-06-24 10:42:43,385 - MyTestV2 - INFO - [None]1
2020-06-24 10:42:43,386 - MyTestV2 - INFO - [None]false
2020-06-24 10:42:43,884 - MyTestV2 - INFO - [None]1
2020-06-24 10:42:43,884 - MyTestV2 - INFO - [None]false
2020-06-24 10:42:44,385 - MyTestV2 - INFO - [None]1
2020-06-24 10:42:44,385 - MyTestV2 - INFO - [None]false
2020-06-24 10:42:44,886 - MyTestV2 - INFO - [None]1
2020-06-24 10:42:44,886 - MyTestV2 - INFO - [None]false
2020-06-24 10:42:45,384 - MyTestV2 - INFO - [None]1
2020-06-24 10:42:45,384 - MyTestV2 - INFO - [None]false
2020-06-24 10:42:45,885 - MyTestV2 - INFO - [None]1
2020-06-24 10:42:45,885 - MyTestV2 - INFO - [None]false
2020-06-24 10:42:46,385 - MyTestV2 - INFO - [None]1
2020-06-24 10:42:46,385 - MyTestV2 - INFO - [None]false
2020-06-24 10:42:46,884 - MyTestV2 - INFO - [None]1
2020-06-24 10:42:46,885 - MyTestV2 - INFO - [None]false
2020-06-24 10:42:47,384 - MyTestV2 - INFO - [None]1
2020-06-24 10:42:47,385 - MyTestV2 - INFO - [None]false
2020-06-24 10:42:47,883 - MyTestV2 - INFO - [None]1
2020-06-24 10:42:47,884 - MyTestV2 - INFO - [None]false
2020-06-24 10:42:48,395 - MyTestV2 - INFO - [None]1
2020-06-24 10:42:48,395 - MyTestV2 - INFO - [None]false
2020-06-24 10:42:48,885 - MyTestV2 - INFO - [None]1
2020-06-24 10:42:48,885 - MyTestV2 - INFO - [None]false
2020-06-24 10:42:49,385 - MyTestV2 - INFO - [None]1
2020-06-24 10:42:49,385 - MyTestV2 - INFO - [None]false
2020-06-24 10:42:49,888 - MyTestV2 - INFO - [None]1
2020-06-24 10:42:49,889 - MyTestV2 - INFO - [None]false
2020-06-24 10:42:50,394 - MyTestV2 - INFO - [None]1
2020-06-24 10:42:50,394 - MyTestV2 - INFO - [None]false
2020-06-24 10:42:50,884 - MyTestV2 - INFO - [None]1
2020-06-24 10:42:50,884 - MyTestV2 - INFO - [None]false
2020-06-24 10:42:51,385 - MyTestV2 - INFO - [None]1
2020-06-24 10:42:51,385 - MyTestV2 - INFO - [None]false
2020-06-24 10:42:51,889 - MyTestV2 - INFO - [None]1
2020-06-24 10:42:51,890 - MyTestV2 - INFO - [None]false
2020-06-24 10:42:52,394 - MyTestV2 - INFO - [None]1
2020-06-24 10:42:52,395 - MyTestV2 - INFO - [None]false
2020-06-24 10:42:52,885 - MyTestV2 - INFO - [None]1
2020-06-24 10:42:52,885 - MyTestV2 - INFO - [None]false
2020-06-24 10:42:53,384 - MyTestV2 - INFO - [None]1
2020-06-24 10:42:53,384 - MyTestV2 - INFO - [None]false
2020-06-24 10:42:53,885 - MyTestV2 - INFO - [None]1
2020-06-24 10:42:53,885 - MyTestV2 - INFO - [None]false
2020-06-24 10:42:54,389 - MyTestV2 - INFO - [None]1
2020-06-24 10:42:54,389 - MyTestV2 - INFO - [None]false
2020-06-24 10:42:54,483 - MyTestV2 - INFO - [None]0
2020-06-24 10:42:54,483 - MyTestV2 - INFO - [None]pass
2020-06-24 10:42:54,884 - MyTestV2 - INFO - [None]1
2020-06-24 10:42:54,884 - MyTestV2 - INFO - [None]false
2020-06-24 10:42:55,386 - MyTestV2 - INFO - [None]1
2020-06-24 10:42:55,386 - MyTestV2 - INFO - [None]false
2020-06-24 10:42:55,884 - MyTestV2 - INFO - [None]1
2020-06-24 10:42:55,884 - MyTestV2 - INFO - [None]false
2020-06-24 10:42:56,385 - MyTestV2 - INFO - [None]1
2020-06-24 10:42:56,385 - MyTestV2 - INFO - [None]false
2020-06-24 10:42:56,909 - MyTestV2 - INFO - [None]1
2020-06-24 10:42:56,909 - MyTestV2 - INFO - [None]false
2020-06-24 10:42:57,383 - MyTestV2 - INFO - [None]1
2020-06-24 10:42:57,384 - MyTestV2 - INFO - [None]false
2020-06-24 10:42:57,884 - MyTestV2 - INFO - [None]1
2020-06-24 10:42:57,884 - MyTestV2 - INFO - [None]false
2020-06-24 10:42:58,387 - MyTestV2 - INFO - [None]1
2020-06-24 10:42:58,387 - MyTestV2 - INFO - [None]false
2020-06-24 10:42:58,884 - MyTestV2 - INFO - [None]1
2020-06-24 10:42:58,884 - MyTestV2 - INFO - [None]false
2020-06-24 10:42:59,385 - MyTestV2 - INFO - [None]1
2020-06-24 10:42:59,385 - MyTestV2 - INFO - [None]false
2020-06-24 10:42:59,885 - MyTestV2 - INFO - [None]1
2020-06-24 10:42:59,885 - MyTestV2 - INFO - [None]false
2020-06-24 10:43:00,387 - MyTestV2 - INFO - [None]1
2020-06-24 10:43:00,388 - MyTestV2 - INFO - [None]false
2020-06-24 10:43:00,886 - MyTestV2 - INFO - [None]1
2020-06-24 10:43:00,886 - MyTestV2 - INFO - [None]false
2020-06-24 10:43:01,384 - MyTestV2 - INFO - [None]1
2020-06-24 10:43:01,384 - MyTestV2 - INFO - [None]false
2020-06-24 10:43:01,887 - MyTestV2 - INFO - [None]1
2020-06-24 10:43:01,887 - MyTestV2 - INFO - [None]false
2020-06-24 10:43:02,384 - MyTestV2 - INFO - [None]1
2020-06-24 10:43:02,384 - MyTestV2 - INFO - [None]false
2020-06-24 10:43:02,885 - MyTestV2 - INFO - [None]1
2020-06-24 10:43:02,885 - MyTestV2 - INFO - [None]false
2020-06-24 10:43:03,386 - MyTestV2 - INFO - [None]1
2020-06-24 10:43:03,386 - MyTestV2 - INFO - [None]false
2020-06-24 10:43:03,884 - MyTestV2 - INFO - [None]1
2020-06-24 10:43:03,884 - MyTestV2 - INFO - [None]false
2020-06-24 10:43:04,385 - MyTestV2 - INFO - [None]1
2020-06-24 10:43:04,385 - MyTestV2 - INFO - [None]false
2020-06-24 10:43:04,885 - MyTestV2 - INFO - [None]1
2020-06-24 10:43:04,885 - MyTestV2 - INFO - [None]false
2020-06-24 10:43:04,982 - MyTestV2 - INFO - [None]0
2020-06-24 10:43:04,982 - MyTestV2 - INFO - [None]pass
2020-06-24 10:43:05,384 - MyTestV2 - INFO - [None]1
2020-06-24 10:43:05,384 - MyTestV2 - INFO - [None]false
2020-06-24 10:43:05,884 - MyTestV2 - INFO - [None]1
2020-06-24 10:43:05,885 - MyTestV2 - INFO - [None]false
2020-06-24 10:43:06,383 - MyTestV2 - INFO - [None]1
2020-06-24 10:43:06,384 - MyTestV2 - INFO - [None]false
2020-06-24 10:43:06,885 - MyTestV2 - INFO - [None]1
2020-06-24 10:43:06,885 - MyTestV2 - INFO - [None]false
2020-06-24 10:43:07,384 - MyTestV2 - INFO - [None]1
2020-06-24 10:43:07,384 - MyTestV2 - INFO - [None]false
2020-06-24 10:43:07,883 - MyTestV2 - INFO - [None]1
2020-06-24 10:43:07,884 - MyTestV2 - INFO - [None]false
2020-06-24 10:43:08,384 - MyTestV2 - INFO - [None]1
2020-06-24 10:43:08,385 - MyTestV2 - INFO - [None]false
2020-06-24 10:43:08,885 - MyTestV2 - INFO - [None]1
2020-06-24 10:43:08,886 - MyTestV2 - INFO - [None]false
2020-06-24 10:43:09,385 - MyTestV2 - INFO - [None]1
2020-06-24 10:43:09,385 - MyTestV2 - INFO - [None]false
2020-06-24 10:43:09,884 - MyTestV2 - INFO - [None]1
2020-06-24 10:43:09,885 - MyTestV2 - INFO - [None]false
2020-06-24 10:43:10,385 - MyTestV2 - INFO - [None]1
2020-06-24 10:43:10,385 - MyTestV2 - INFO - [None]false
2020-06-24 10:43:10,894 - MyTestV2 - INFO - [None]1
2020-06-24 10:43:10,894 - MyTestV2 - INFO - [None]false
2020-06-24 10:43:11,385 - MyTestV2 - INFO - [None]1
2020-06-24 10:43:11,385 - MyTestV2 - INFO - [None]false
2020-06-24 10:43:11,387 - MyTestV2 - INFO - [None]OnlineIpArry:['192.168.3.31', '192.168.3.32', '192.168.3.33', '192.168.3.35', '192.168.3.36', '192.168.3.37', '192.168.3.39', '192.168.3.40', '192.168.3.41', '192.168.3.44', '192.168.3.45', '192.168.3.46', '192.168.3.47', '192.168.3.50', '192.168.3.52', '192.168.3.53', '192.168.3.56', '192.168.3.57', '192.168.3.59', '192.168.3.61', '192.168.3.62', '192.168.3.63', '192.168.3.64', '192.168.3.66', '192.168.3.69', '192.168.3.73', '192.168.3.75', '192.168.3.78', '192.168.3.114', '192.168.3.136', '', '', '', '', '', '', '', '', '', '', '', '', '', '', '', '', '', '', '', '', '', '', '', '', '', '', '', '', '', '', '', '', '', '', '', '', '', '', '', '', '', '', '', '', '', '', '', '', '', '', '', '', '', '', '', '', '', '', '', '', '', '', '', '', '', '', '', '', '', '', '', '', '', '', '', '', '', '', '', '', '', '', '', '', '', '', '', '', '', '']
