2020-04-10 14:04:34,069 - BrowserEngine - INFO - 本次测试使用浏览器：Chrome
2020-04-10 14:04:37,040 - BrowserEngine - INFO - Chrome已经启动...
2020-04-10 14:04:38,895 - BrowserEngine - INFO - 浏览器窗口最大化
2020-04-10 14:12:00,450 - BrowserEngine - INFO - 本次测试使用浏览器：Chrome
2020-04-10 14:12:02,634 - BrowserEngine - INFO - Chrome已经启动...
2020-04-10 14:12:04,596 - BrowserEngine - INFO - 浏览器窗口最大化
2020-04-10 14:12:04,648 - BasePage - INFO - 通过 xpath via value: //input[@placeholder='请输入用户名'] 定位元素成功：'' 
2020-04-10 14:12:04,723 - BasePage - INFO - 输入文本内容：' a家 '
2020-04-10 14:12:04,764 - BasePage - INFO - 通过 xpath via value: //input[@type='password'] 定位元素成功：'' 
2020-04-10 14:12:04,834 - BasePage - INFO - 输入文本内容：'  '
2020-04-10 14:12:04,876 - BasePage - INFO - 通过 xpath via value: //span[text()='登录'] 定位元素成功：'登录' 
2020-04-10 14:12:04,933 - BasePage - INFO - 元素'登录'\ 被点击.
2020-04-10 14:12:08,530 - BasePage - INFO - 开始截图并保存
2020-04-10 14:12:44,386 - BrowserEngine - INFO - 本次测试使用浏览器：Chrome
2020-04-10 14:12:46,541 - BrowserEngine - INFO - Chrome已经启动...
2020-04-10 14:12:48,425 - BrowserEngine - INFO - 浏览器窗口最大化
2020-04-10 14:12:48,456 - BasePage - INFO - 通过 xpath via value: //input[@placeholder='请输入用户名'] 定位元素成功：'' 
2020-04-10 14:12:48,546 - BasePage - INFO - 输入文本内容：' admin% '
2020-04-10 14:12:48,572 - BasePage - INFO - 通过 xpath via value: //input[@type='password'] 定位元素成功：'' 
2020-04-10 14:12:48,647 - BasePage - INFO - 输入文本内容：'  '
2020-04-10 14:12:48,675 - BasePage - INFO - 通过 xpath via value: //span[text()='登录'] 定位元素成功：'登录' 
2020-04-10 14:12:48,738 - BasePage - INFO - 元素'登录'\ 被点击.
2020-04-10 14:12:52,298 - BasePage - INFO - 开始截图并保存
2020-04-10 14:14:29,347 - BrowserEngine - INFO - 本次测试使用浏览器：Chrome
2020-04-10 14:14:31,504 - BrowserEngine - INFO - Chrome已经启动...
2020-04-10 14:14:33,724 - BrowserEngine - INFO - 浏览器窗口最大化
2020-04-10 14:14:33,758 - BasePage - INFO - 通过 xpath via value: //input[@placeholder='请输入用户名'] 定位元素成功：'' 
2020-04-10 14:14:33,988 - BasePage - INFO - 输入文本内容：' admin456ht862359034fhtyicehhf427990 '
2020-04-10 14:14:34,012 - BasePage - INFO - 通过 xpath via value: //input[@type='password'] 定位元素成功：'' 
2020-04-10 14:14:34,063 - BasePage - INFO - 输入文本内容：'  '
2020-04-10 14:14:34,088 - BasePage - INFO - 通过 xpath via value: //span[text()='登录'] 定位元素成功：'登录' 
2020-04-10 14:14:34,139 - BasePage - INFO - 元素'登录'\ 被点击.
2020-04-10 14:14:37,678 - BasePage - INFO - 开始截图并保存
2020-04-10 14:14:50,537 - BrowserEngine - INFO - 本次测试使用浏览器：Chrome
2020-04-10 14:14:52,849 - BrowserEngine - INFO - Chrome已经启动...
2020-04-10 14:14:58,363 - BrowserEngine - INFO - 浏览器窗口最大化
2020-04-10 14:14:58,394 - BasePage - INFO - 通过 xpath via value: //input[@placeholder='请输入用户名'] 定位元素成功：'' 
2020-04-10 14:14:58,464 - BasePage - INFO - 输入文本内容：'  '
2020-04-10 14:14:58,493 - BasePage - INFO - 通过 xpath via value: //input[@type='password'] 定位元素成功：'' 
2020-04-10 14:14:58,572 - BasePage - INFO - 输入文本内容：' 123456 '
2020-04-10 14:14:58,604 - BasePage - INFO - 通过 xpath via value: //span[text()='登录'] 定位元素成功：'登录' 
2020-04-10 14:14:58,655 - BasePage - INFO - 元素'登录'\ 被点击.
2020-04-10 14:15:02,219 - BasePage - INFO - 开始截图并保存
2020-04-10 14:15:13,425 - BrowserEngine - INFO - 本次测试使用浏览器：Chrome
2020-04-10 14:15:15,544 - BrowserEngine - INFO - Chrome已经启动...
2020-04-10 14:15:17,371 - BrowserEngine - INFO - 浏览器窗口最大化
2020-04-10 14:15:17,412 - BasePage - INFO - 通过 xpath via value: //input[@placeholder='请输入用户名'] 定位元素成功：'' 
2020-04-10 14:15:17,475 - BasePage - INFO - 输入文本内容：'  '
2020-04-10 14:15:17,503 - BasePage - INFO - 通过 xpath via value: //input[@type='password'] 定位元素成功：'' 
2020-04-10 14:15:17,591 - BasePage - INFO - 输入文本内容：' 1234发56 '
2020-04-10 14:15:17,619 - BasePage - INFO - 通过 xpath via value: //span[text()='登录'] 定位元素成功：'登录' 
2020-04-10 14:15:17,671 - BasePage - INFO - 元素'登录'\ 被点击.
2020-04-10 14:15:21,217 - BasePage - INFO - 开始截图并保存
2020-04-10 14:17:16,962 - BrowserEngine - INFO - 本次测试使用浏览器：Chrome
2020-04-10 14:17:19,103 - BrowserEngine - INFO - Chrome已经启动...
2020-04-10 14:17:20,973 - BrowserEngine - INFO - 浏览器窗口最大化
2020-04-10 14:17:21,005 - BasePage - INFO - 通过 xpath via value: //input[@placeholder='请输入用户名'] 定位元素成功：'' 
2020-04-10 14:17:21,092 - BasePage - INFO - 输入文本内容：' admin '
2020-04-10 14:17:21,127 - BasePage - INFO - 通过 xpath via value: //input[@type='password'] 定位元素成功：'' 
2020-04-10 14:17:21,204 - BasePage - INFO - 输入文本内容：' 1234561 '
2020-04-10 14:17:21,237 - BasePage - INFO - 通过 xpath via value: //span[text()='登录'] 定位元素成功：'登录' 
2020-04-10 14:17:21,289 - BasePage - INFO - 元素'登录'\ 被点击.
2020-04-10 14:17:24,854 - BasePage - INFO - 开始截图并保存
2020-04-10 14:17:26,996 - BrowserEngine - INFO - 本次测试使用浏览器：Chrome
2020-04-10 14:17:29,156 - BrowserEngine - INFO - Chrome已经启动...
2020-04-10 14:17:30,988 - BrowserEngine - INFO - 浏览器窗口最大化
2020-04-10 14:17:31,023 - BasePage - INFO - 通过 xpath via value: //input[@placeholder='请输入用户名'] 定位元素成功：'' 
2020-04-10 14:17:31,085 - BasePage - INFO - 输入文本内容：'  '
2020-04-10 14:17:31,111 - BasePage - INFO - 通过 xpath via value: //input[@type='password'] 定位元素成功：'' 
2020-04-10 14:17:31,241 - BasePage - INFO - 输入文本内容：' 123456789123456789 '
2020-04-10 14:17:31,270 - BasePage - INFO - 通过 xpath via value: //span[text()='登录'] 定位元素成功：'登录' 
2020-04-10 14:17:31,324 - BasePage - INFO - 元素'登录'\ 被点击.
2020-04-10 14:17:34,844 - BasePage - INFO - 开始截图并保存
2020-04-10 14:17:36,949 - BrowserEngine - INFO - 本次测试使用浏览器：Chrome
2020-04-10 14:17:39,133 - BrowserEngine - INFO - Chrome已经启动...
2020-04-10 14:17:40,964 - BrowserEngine - INFO - 浏览器窗口最大化
2020-04-10 14:17:41,013 - BasePage - INFO - 通过 xpath via value: //input[@placeholder='请输入用户名'] 定位元素成功：'' 
2020-04-10 14:17:41,072 - BasePage - INFO - 输入文本内容：'  '
2020-04-10 14:17:41,098 - BasePage - INFO - 通过 xpath via value: //input[@type='password'] 定位元素成功：'' 
2020-04-10 14:17:41,186 - BasePage - INFO - 输入文本内容：' 113456 '
2020-04-10 14:17:41,216 - BasePage - INFO - 通过 xpath via value: //span[text()='登录'] 定位元素成功：'登录' 
2020-04-10 14:17:41,272 - BasePage - INFO - 元素'登录'\ 被点击.
2020-04-10 14:17:44,833 - BasePage - INFO - 开始截图并保存
2020-04-10 14:17:47,011 - BrowserEngine - INFO - 本次测试使用浏览器：Chrome
2020-04-10 14:17:49,145 - BrowserEngine - INFO - Chrome已经启动...
2020-04-10 14:17:50,978 - BrowserEngine - INFO - 浏览器窗口最大化
2020-04-10 14:17:51,015 - BasePage - INFO - 通过 xpath via value: //input[@placeholder='请输入用户名'] 定位元素成功：'' 
2020-04-10 14:17:51,101 - BasePage - INFO - 输入文本内容：' asijk '
2020-04-10 14:17:51,129 - BasePage - INFO - 通过 xpath via value: //input[@type='password'] 定位元素成功：'' 
2020-04-10 14:17:51,212 - BasePage - INFO - 输入文本内容：' 12345个6 '
2020-04-10 14:17:51,242 - BasePage - INFO - 通过 xpath via value: //span[text()='登录'] 定位元素成功：'登录' 
2020-04-10 14:17:51,299 - BasePage - INFO - 元素'登录'\ 被点击.
2020-04-10 14:17:54,834 - BasePage - INFO - 开始截图并保存
2020-04-10 14:17:56,976 - BrowserEngine - INFO - 本次测试使用浏览器：Chrome
2020-04-10 14:17:59,089 - BrowserEngine - INFO - Chrome已经启动...
2020-04-10 14:18:01,438 - BrowserEngine - INFO - 浏览器窗口最大化
2020-04-10 14:18:01,471 - BasePage - INFO - 通过 xpath via value: //input[@placeholder='请输入用户名'] 定位元素成功：'' 
2020-04-10 14:18:01,566 - BasePage - INFO - 输入文本内容：' asijh '
2020-04-10 14:18:01,592 - BasePage - INFO - 通过 xpath via value: //input[@type='password'] 定位元素成功：'' 
2020-04-10 14:18:01,677 - BasePage - INFO - 输入文本内容：' 123456  '
2020-04-10 14:18:01,705 - BasePage - INFO - 通过 xpath via value: //span[text()='登录'] 定位元素成功：'登录' 
2020-04-10 14:18:01,757 - BasePage - INFO - 元素'登录'\ 被点击.
2020-04-10 14:18:05,297 - BasePage - INFO - 开始截图并保存
2020-04-10 14:18:07,456 - BrowserEngine - INFO - 本次测试使用浏览器：Chrome
2020-04-10 14:18:09,593 - BrowserEngine - INFO - Chrome已经启动...
2020-04-10 14:18:11,694 - BrowserEngine - INFO - 浏览器窗口最大化
2020-04-10 14:18:11,727 - BasePage - INFO - 通过 xpath via value: //input[@placeholder='请输入用户名'] 定位元素成功：'' 
2020-04-10 14:18:11,814 - BasePage - INFO - 输入文本内容：' asijh '
2020-04-10 14:18:11,841 - BasePage - INFO - 通过 xpath via value: //input[@type='password'] 定位元素成功：'' 
2020-04-10 14:18:11,930 - BasePage - INFO - 输入文本内容：' 123456  '
2020-04-10 14:18:11,961 - BasePage - INFO - 通过 xpath via value: //span[text()='登录'] 定位元素成功：'登录' 
2020-04-10 14:18:12,018 - BasePage - INFO - 元素'登录'\ 被点击.
2020-04-10 14:18:15,537 - BasePage - INFO - 开始截图并保存
2020-04-10 14:18:17,669 - BrowserEngine - INFO - 本次测试使用浏览器：Chrome
2020-04-10 14:18:19,857 - BrowserEngine - INFO - Chrome已经启动...
2020-04-10 14:18:21,767 - BrowserEngine - INFO - 浏览器窗口最大化
2020-04-10 14:18:21,807 - BasePage - INFO - 通过 xpath via value: //input[@placeholder='请输入用户名'] 定位元素成功：'' 
2020-04-10 14:18:21,912 - BasePage - INFO - 输入文本内容：' asijh '
2020-04-10 14:18:21,946 - BasePage - INFO - 通过 xpath via value: //input[@type='password'] 定位元素成功：'' 
2020-04-10 14:18:22,027 - BasePage - INFO - 输入文本内容：' 12345 '
2020-04-10 14:18:22,057 - BasePage - INFO - 通过 xpath via value: //span[text()='登录'] 定位元素成功：'登录' 
2020-04-10 14:18:22,113 - BasePage - INFO - 元素'登录'\ 被点击.
2020-04-10 14:18:25,680 - BasePage - INFO - 开始截图并保存
2020-04-10 14:18:27,832 - BrowserEngine - INFO - 本次测试使用浏览器：Chrome
2020-04-10 14:18:29,974 - BrowserEngine - INFO - Chrome已经启动...
2020-04-10 14:18:31,878 - BrowserEngine - INFO - 浏览器窗口最大化
2020-04-10 14:18:31,912 - BasePage - INFO - 通过 xpath via value: //input[@placeholder='请输入用户名'] 定位元素成功：'' 
2020-04-10 14:18:31,992 - BasePage - INFO - 输入文本内容：' asijh '
2020-04-10 14:18:32,019 - BasePage - INFO - 通过 xpath via value: //input[@type='password'] 定位元素成功：'' 
2020-04-10 14:18:32,160 - BasePage - INFO - 输入文本内容：' 12345678912345678 '
2020-04-10 14:18:32,191 - BasePage - INFO - 通过 xpath via value: //span[text()='登录'] 定位元素成功：'登录' 
2020-04-10 14:18:32,245 - BasePage - INFO - 元素'登录'\ 被点击.
2020-04-10 14:18:35,760 - BasePage - INFO - 开始截图并保存
2020-04-10 14:18:37,942 - BrowserEngine - INFO - 本次测试使用浏览器：Chrome
2020-04-10 14:18:40,044 - BrowserEngine - INFO - Chrome已经启动...
2020-04-10 14:18:41,935 - BrowserEngine - INFO - 浏览器窗口最大化
2020-04-10 14:18:41,969 - BasePage - INFO - 通过 xpath via value: //input[@placeholder='请输入用户名'] 定位元素成功：'' 
2020-04-10 14:18:42,059 - BasePage - INFO - 输入文本内容：' admin '
2020-04-10 14:18:42,085 - BasePage - INFO - 通过 xpath via value: //input[@type='password'] 定位元素成功：'' 
2020-04-10 14:18:42,177 - BasePage - INFO - 输入文本内容：' 123456看 '
2020-04-10 14:18:42,205 - BasePage - INFO - 通过 xpath via value: //span[text()='登录'] 定位元素成功：'登录' 
2020-04-10 14:18:42,259 - BasePage - INFO - 元素'登录'\ 被点击.
2020-04-10 14:18:45,790 - BasePage - INFO - 开始截图并保存
2020-04-10 14:18:47,925 - BrowserEngine - INFO - 本次测试使用浏览器：Chrome
2020-04-10 14:18:50,156 - BrowserEngine - INFO - Chrome已经启动...
2020-04-10 14:18:53,131 - BrowserEngine - INFO - 浏览器窗口最大化
2020-04-10 14:18:53,164 - BasePage - INFO - 通过 xpath via value: //input[@placeholder='请输入用户名'] 定位元素成功：'' 
2020-04-10 14:18:53,260 - BasePage - INFO - 输入文本内容：' admin '
2020-04-10 14:18:53,289 - BasePage - INFO - 通过 xpath via value: //input[@type='password'] 定位元素成功：'' 
2020-04-10 14:18:53,368 - BasePage - INFO - 输入文本内容：'  123456 '
2020-04-10 14:18:53,400 - BasePage - INFO - 通过 xpath via value: //span[text()='登录'] 定位元素成功：'登录' 
2020-04-10 14:18:53,466 - BasePage - INFO - 元素'登录'\ 被点击.
2020-04-10 14:18:57,020 - BasePage - INFO - 开始截图并保存
2020-04-10 14:18:59,165 - BrowserEngine - INFO - 本次测试使用浏览器：Chrome
2020-04-10 14:19:01,368 - BrowserEngine - INFO - Chrome已经启动...
2020-04-10 14:19:03,597 - BrowserEngine - INFO - 浏览器窗口最大化
2020-04-10 14:19:03,692 - BasePage - INFO - 通过 xpath via value: //input[@placeholder='请输入用户名'] 定位元素成功：'' 
2020-04-10 14:19:03,792 - BasePage - INFO - 输入文本内容：' admin '
2020-04-10 14:19:03,820 - BasePage - INFO - 通过 xpath via value: //input[@type='password'] 定位元素成功：'' 
2020-04-10 14:19:03,905 - BasePage - INFO - 输入文本内容：' 1234 56 '
2020-04-10 14:19:03,933 - BasePage - INFO - 通过 xpath via value: //span[text()='登录'] 定位元素成功：'登录' 
2020-04-10 14:19:03,984 - BasePage - INFO - 元素'登录'\ 被点击.
2020-04-10 14:19:07,548 - BasePage - INFO - 开始截图并保存
2020-04-10 14:19:09,696 - BrowserEngine - INFO - 本次测试使用浏览器：Chrome
2020-04-10 14:19:11,885 - BrowserEngine - INFO - Chrome已经启动...
2020-04-10 14:19:13,711 - BrowserEngine - INFO - 浏览器窗口最大化
2020-04-10 14:19:13,750 - BasePage - INFO - 通过 xpath via value: //input[@placeholder='请输入用户名'] 定位元素成功：'' 
2020-04-10 14:19:13,827 - BasePage - INFO - 输入文本内容：'  '
2020-04-10 14:19:13,857 - BasePage - INFO - 通过 xpath via value: //input[@type='password'] 定位元素成功：'' 
2020-04-10 14:19:13,911 - BasePage - INFO - 输入文本内容：'  '
2020-04-10 14:19:13,940 - BasePage - INFO - 通过 xpath via value: //span[text()='登录'] 定位元素成功：'登录' 
2020-04-10 14:19:13,996 - BasePage - INFO - 元素'登录'\ 被点击.
2020-04-10 14:19:17,524 - BasePage - INFO - 开始截图并保存
2020-04-10 14:19:19,653 - BrowserEngine - INFO - 本次测试使用浏览器：Chrome
2020-04-10 14:19:21,850 - BrowserEngine - INFO - Chrome已经启动...
2020-04-10 14:19:23,685 - BrowserEngine - INFO - 浏览器窗口最大化
2020-04-10 14:19:23,723 - BasePage - INFO - 通过 xpath via value: //input[@placeholder='请输入用户名'] 定位元素成功：'' 
2020-04-10 14:19:23,801 - BasePage - INFO - 输入文本内容：' admin '
2020-04-10 14:19:23,830 - BasePage - INFO - 通过 xpath via value: //input[@type='password'] 定位元素成功：'' 
2020-04-10 14:19:23,912 - BasePage - INFO - 输入文本内容：' 13456 '
2020-04-10 14:19:23,940 - BasePage - INFO - 通过 xpath via value: //span[text()='登录'] 定位元素成功：'登录' 
2020-04-10 14:19:23,996 - BasePage - INFO - 元素'登录'\ 被点击.
2020-04-10 14:19:27,510 - BasePage - INFO - 开始截图并保存
2020-04-10 14:19:29,642 - BrowserEngine - INFO - 本次测试使用浏览器：Chrome
2020-04-10 14:19:31,749 - BrowserEngine - INFO - Chrome已经启动...
2020-04-10 14:19:33,580 - BrowserEngine - INFO - 浏览器窗口最大化
2020-04-10 14:19:33,641 - BasePage - INFO - 通过 xpath via value: //input[@placeholder='请输入用户名'] 定位元素成功：'' 
2020-04-10 14:19:33,721 - BasePage - INFO - 输入文本内容：' admin '
2020-04-10 14:19:33,750 - BasePage - INFO - 通过 xpath via value: //input[@type='password'] 定位元素成功：'' 
2020-04-10 14:19:33,880 - BasePage - INFO - 输入文本内容：' 123456789hssyna93b '
2020-04-10 14:19:33,911 - BasePage - INFO - 通过 xpath via value: //span[text()='登录'] 定位元素成功：'登录' 
2020-04-10 14:19:33,964 - BasePage - INFO - 元素'登录'\ 被点击.
2020-04-10 14:19:37,497 - BasePage - INFO - 开始截图并保存
2020-04-10 14:19:39,665 - BrowserEngine - INFO - 本次测试使用浏览器：Chrome
2020-04-10 14:19:41,735 - BrowserEngine - INFO - Chrome已经启动...
2020-04-10 14:19:43,577 - BrowserEngine - INFO - 浏览器窗口最大化
2020-04-10 14:19:43,613 - BasePage - INFO - 通过 xpath via value: //input[@placeholder='请输入用户名'] 定位元素成功：'' 
2020-04-10 14:19:43,697 - BasePage - INFO - 输入文本内容：' admi将 '
2020-04-10 14:19:43,725 - BasePage - INFO - 通过 xpath via value: //input[@type='password'] 定位元素成功：'' 
2020-04-10 14:19:43,819 - BasePage - INFO - 输入文本内容：' 123458 '
2020-04-10 14:19:43,848 - BasePage - INFO - 通过 xpath via value: //span[text()='登录'] 定位元素成功：'登录' 
2020-04-10 14:19:43,901 - BasePage - INFO - 元素'登录'\ 被点击.
2020-04-10 14:19:47,464 - BasePage - INFO - 开始截图并保存
2020-04-10 14:19:49,585 - BrowserEngine - INFO - 本次测试使用浏览器：Chrome
2020-04-10 14:19:51,706 - BrowserEngine - INFO - Chrome已经启动...
2020-04-10 14:19:55,890 - BrowserEngine - INFO - 浏览器窗口最大化
2020-04-10 14:19:55,924 - BasePage - INFO - 通过 xpath via value: //input[@placeholder='请输入用户名'] 定位元素成功：'' 
2020-04-10 14:19:56,005 - BasePage - INFO - 输入文本内容：' admin! '
2020-04-10 14:19:56,032 - BasePage - INFO - 通过 xpath via value: //input[@type='password'] 定位元素成功：'' 
2020-04-10 14:19:56,113 - BasePage - INFO - 输入文本内容：' 123455 '
2020-04-10 14:19:56,142 - BasePage - INFO - 通过 xpath via value: //span[text()='登录'] 定位元素成功：'登录' 
2020-04-10 14:19:56,197 - BasePage - INFO - 元素'登录'\ 被点击.
2020-04-10 14:19:59,722 - BasePage - INFO - 开始截图并保存
2020-04-10 14:20:01,909 - BrowserEngine - INFO - 本次测试使用浏览器：Chrome
2020-04-10 14:20:04,142 - BrowserEngine - INFO - Chrome已经启动...
2020-04-10 14:20:06,395 - BrowserEngine - INFO - 浏览器窗口最大化
2020-04-10 14:20:06,522 - BasePage - INFO - 通过 xpath via value: //input[@placeholder='请输入用户名'] 定位元素成功：'' 
2020-04-10 14:20:07,462 - BasePage - INFO - 输入文本内容：' admin546glxulsjvirjs385lg9sn530djv '
2020-04-10 14:20:07,489 - BasePage - INFO - 通过 xpath via value: //input[@type='password'] 定位元素成功：'' 
2020-04-10 14:20:07,563 - BasePage - INFO - 输入文本内容：' 123451 '
2020-04-10 14:20:07,589 - BasePage - INFO - 通过 xpath via value: //span[text()='登录'] 定位元素成功：'登录' 
2020-04-10 14:20:07,643 - BasePage - INFO - 元素'登录'\ 被点击.
2020-04-10 14:20:11,170 - BasePage - INFO - 开始截图并保存
2020-04-10 14:20:13,285 - BrowserEngine - INFO - 本次测试使用浏览器：Chrome
2020-04-10 14:20:15,396 - BrowserEngine - INFO - Chrome已经启动...
2020-04-10 14:20:17,206 - BrowserEngine - INFO - 浏览器窗口最大化
2020-04-10 14:20:17,242 - BasePage - INFO - 通过 xpath via value: //input[@placeholder='请输入用户名'] 定位元素成功：'' 
2020-04-10 14:20:17,332 - BasePage - INFO - 输入文本内容：' a个dmin '
2020-04-10 14:20:17,360 - BasePage - INFO - 通过 xpath via value: //input[@type='password'] 定位元素成功：'' 
2020-04-10 14:20:17,438 - BasePage - INFO - 输入文本内容：' 123456 '
2020-04-10 14:20:17,472 - BasePage - INFO - 通过 xpath via value: //span[text()='登录'] 定位元素成功：'登录' 
2020-04-10 14:20:17,525 - BasePage - INFO - 元素'登录'\ 被点击.
2020-04-10 14:20:21,080 - BasePage - INFO - 开始截图并保存
2020-04-10 14:20:23,201 - BrowserEngine - INFO - 本次测试使用浏览器：Chrome
2020-04-10 14:20:25,377 - BrowserEngine - INFO - Chrome已经启动...
2020-04-10 14:20:27,275 - BrowserEngine - INFO - 浏览器窗口最大化
2020-04-10 14:20:27,310 - BasePage - INFO - 通过 xpath via value: //input[@placeholder='请输入用户名'] 定位元素成功：'' 
2020-04-10 14:20:27,397 - BasePage - INFO - 输入文本内容：' admin* '
2020-04-10 14:20:27,426 - BasePage - INFO - 通过 xpath via value: //input[@type='password'] 定位元素成功：'' 
2020-04-10 14:20:27,511 - BasePage - INFO - 输入文本内容：' 123456 '
2020-04-10 14:20:27,549 - BasePage - INFO - 通过 xpath via value: //span[text()='登录'] 定位元素成功：'登录' 
2020-04-10 14:20:27,598 - BasePage - INFO - 元素'登录'\ 被点击.
2020-04-10 14:20:31,137 - BasePage - INFO - 开始截图并保存
2020-04-10 14:20:33,227 - BrowserEngine - INFO - 本次测试使用浏览器：Chrome
2020-04-10 14:20:35,326 - BrowserEngine - INFO - Chrome已经启动...
2020-04-10 14:20:37,143 - BrowserEngine - INFO - 浏览器窗口最大化
2020-04-10 14:20:37,181 - BasePage - INFO - 通过 xpath via value: //input[@placeholder='请输入用户名'] 定位元素成功：'' 
2020-04-10 14:20:37,372 - BasePage - INFO - 输入文本内容：' admin546glxulsjvirjs385lg9sn530djv '
2020-04-10 14:20:37,398 - BasePage - INFO - 通过 xpath via value: //input[@type='password'] 定位元素成功：'' 
2020-04-10 14:20:37,471 - BasePage - INFO - 输入文本内容：' 123456 '
2020-04-10 14:20:37,498 - BasePage - INFO - 通过 xpath via value: //span[text()='登录'] 定位元素成功：'登录' 
2020-04-10 14:20:37,551 - BasePage - INFO - 元素'登录'\ 被点击.
2020-04-10 14:20:41,092 - BasePage - INFO - 开始截图并保存
2020-04-10 14:20:43,213 - BrowserEngine - INFO - 本次测试使用浏览器：Chrome
2020-04-10 14:20:45,368 - BrowserEngine - INFO - Chrome已经启动...
2020-04-10 14:20:47,317 - BrowserEngine - INFO - 浏览器窗口最大化
2020-04-10 14:20:47,349 - BasePage - INFO - 通过 xpath via value: //input[@placeholder='请输入用户名'] 定位元素成功：'' 
2020-04-10 14:20:47,562 - BasePage - INFO - 输入文本内容：' 好%admin546glxulsjvirjs385lg9sn530djv '
2020-04-10 14:20:47,589 - BasePage - INFO - 通过 xpath via value: //input[@type='password'] 定位元素成功：'' 
2020-04-10 14:20:47,664 - BasePage - INFO - 输入文本内容：' 123 45后1 '
2020-04-10 14:20:47,689 - BasePage - INFO - 通过 xpath via value: //span[text()='登录'] 定位元素成功：'登录' 
2020-04-10 14:20:47,741 - BasePage - INFO - 元素'登录'\ 被点击.
2020-04-10 14:20:51,258 - BasePage - INFO - 开始截图并保存
2020-04-10 14:20:53,667 - BrowserEngine - INFO - 本次测试使用浏览器：Chrome
2020-04-10 14:20:56,220 - BrowserEngine - INFO - Chrome已经启动...
2020-04-10 14:20:59,135 - BrowserEngine - INFO - 浏览器窗口最大化
2020-04-10 14:20:59,175 - BasePage - INFO - 通过 xpath via value: //input[@placeholder='请输入用户名'] 定位元素成功：'' 
2020-04-10 14:20:59,255 - BasePage - INFO - 输入文本内容：' admke '
2020-04-10 14:20:59,290 - BasePage - INFO - 通过 xpath via value: //input[@type='password'] 定位元素成功：'' 
2020-04-10 14:20:59,375 - BasePage - INFO - 输入文本内容：' 123451 '
2020-04-10 14:20:59,405 - BasePage - INFO - 通过 xpath via value: //span[text()='登录'] 定位元素成功：'登录' 
2020-04-10 14:20:59,460 - BasePage - INFO - 元素'登录'\ 被点击.
2020-04-10 14:21:03,057 - BasePage - INFO - 开始截图并保存
2020-04-10 14:21:05,219 - BrowserEngine - INFO - 本次测试使用浏览器：Chrome
2020-04-10 14:21:07,409 - BrowserEngine - INFO - Chrome已经启动...
2020-04-10 14:21:09,418 - BrowserEngine - INFO - 浏览器窗口最大化
2020-04-10 14:21:09,459 - BasePage - INFO - 通过 xpath via value: //input[@placeholder='请输入用户名'] 定位元素成功：'' 
2020-04-10 14:21:09,543 - BasePage - INFO - 输入文本内容：' a家 '
2020-04-10 14:21:09,571 - BasePage - INFO - 通过 xpath via value: //input[@type='password'] 定位元素成功：'' 
2020-04-10 14:21:09,626 - BasePage - INFO - 输入文本内容：'  '
2020-04-10 14:21:09,655 - BasePage - INFO - 通过 xpath via value: //span[text()='登录'] 定位元素成功：'登录' 
2020-04-10 14:21:09,711 - BasePage - INFO - 元素'登录'\ 被点击.
2020-04-10 14:21:13,265 - BasePage - INFO - 开始截图并保存
2020-04-10 14:21:15,395 - BrowserEngine - INFO - 本次测试使用浏览器：Chrome
2020-04-10 14:21:17,532 - BrowserEngine - INFO - Chrome已经启动...
2020-04-10 14:21:19,403 - BrowserEngine - INFO - 浏览器窗口最大化
2020-04-10 14:21:19,449 - BasePage - INFO - 通过 xpath via value: //input[@placeholder='请输入用户名'] 定位元素成功：'' 
2020-04-10 14:21:19,539 - BasePage - INFO - 输入文本内容：' admin% '
2020-04-10 14:21:19,565 - BasePage - INFO - 通过 xpath via value: //input[@type='password'] 定位元素成功：'' 
2020-04-10 14:21:19,620 - BasePage - INFO - 输入文本内容：'  '
2020-04-10 14:21:19,659 - BasePage - INFO - 通过 xpath via value: //span[text()='登录'] 定位元素成功：'登录' 
2020-04-10 14:21:19,720 - BasePage - INFO - 元素'登录'\ 被点击.
2020-04-10 14:21:23,300 - BasePage - INFO - 开始截图并保存
2020-04-10 14:21:25,405 - BrowserEngine - INFO - 本次测试使用浏览器：Chrome
2020-04-10 14:21:27,543 - BrowserEngine - INFO - Chrome已经启动...
2020-04-10 14:21:29,374 - BrowserEngine - INFO - 浏览器窗口最大化
2020-04-10 14:21:29,409 - BasePage - INFO - 通过 xpath via value: //input[@placeholder='请输入用户名'] 定位元素成功：'' 
2020-04-10 14:21:29,606 - BasePage - INFO - 输入文本内容：' admin456ht862359034fhtyicehhf427990 '
2020-04-10 14:21:29,632 - BasePage - INFO - 通过 xpath via value: //input[@type='password'] 定位元素成功：'' 
2020-04-10 14:21:29,690 - BasePage - INFO - 输入文本内容：'  '
2020-04-10 14:21:29,717 - BasePage - INFO - 通过 xpath via value: //span[text()='登录'] 定位元素成功：'登录' 
2020-04-10 14:21:29,767 - BasePage - INFO - 元素'登录'\ 被点击.
2020-04-10 14:21:33,323 - BasePage - INFO - 开始截图并保存
2020-04-10 14:21:35,427 - BrowserEngine - INFO - 本次测试使用浏览器：Chrome
2020-04-10 14:21:37,621 - BrowserEngine - INFO - Chrome已经启动...
2020-04-10 14:21:39,465 - BrowserEngine - INFO - 浏览器窗口最大化
2020-04-10 14:21:39,524 - BasePage - INFO - 通过 xpath via value: //input[@placeholder='请输入用户名'] 定位元素成功：'' 
2020-04-10 14:21:39,580 - BasePage - INFO - 输入文本内容：'  '
2020-04-10 14:21:39,606 - BasePage - INFO - 通过 xpath via value: //input[@type='password'] 定位元素成功：'' 
2020-04-10 14:21:39,692 - BasePage - INFO - 输入文本内容：' 123456 '
2020-04-10 14:21:39,725 - BasePage - INFO - 通过 xpath via value: //span[text()='登录'] 定位元素成功：'登录' 
2020-04-10 14:21:39,777 - BasePage - INFO - 元素'登录'\ 被点击.
2020-04-10 14:21:43,327 - BasePage - INFO - 开始截图并保存
2020-04-10 14:21:45,429 - BrowserEngine - INFO - 本次测试使用浏览器：Chrome
2020-04-10 14:21:47,533 - BrowserEngine - INFO - Chrome已经启动...
2020-04-10 14:21:49,663 - BrowserEngine - INFO - 浏览器窗口最大化
2020-04-10 14:21:49,704 - BasePage - INFO - 通过 xpath via value: //input[@placeholder='请输入用户名'] 定位元素成功：'' 
2020-04-10 14:21:49,761 - BasePage - INFO - 输入文本内容：'  '
2020-04-10 14:21:49,789 - BasePage - INFO - 通过 xpath via value: //input[@type='password'] 定位元素成功：'' 
2020-04-10 14:21:49,880 - BasePage - INFO - 输入文本内容：' 1234发56 '
2020-04-10 14:21:49,911 - BasePage - INFO - 通过 xpath via value: //span[text()='登录'] 定位元素成功：'登录' 
2020-04-10 14:21:49,964 - BasePage - INFO - 元素'登录'\ 被点击.
2020-04-10 14:21:53,474 - BasePage - INFO - 开始截图并保存
2020-04-10 14:21:55,577 - BrowserEngine - INFO - 本次测试使用浏览器：Chrome
2020-04-10 14:21:57,694 - BrowserEngine - INFO - Chrome已经启动...
2020-04-10 14:21:59,549 - BrowserEngine - INFO - 浏览器窗口最大化
2020-04-10 14:21:59,582 - BasePage - INFO - 通过 xpath via value: //input[@placeholder='请输入用户名'] 定位元素成功：'' 
2020-04-10 14:21:59,645 - BasePage - INFO - 输入文本内容：'  '
2020-04-10 14:21:59,675 - BasePage - INFO - 通过 xpath via value: //input[@type='password'] 定位元素成功：'' 
2020-04-10 14:21:59,758 - BasePage - INFO - 输入文本内容：' 1 23456 '
2020-04-10 14:21:59,791 - BasePage - INFO - 通过 xpath via value: //span[text()='登录'] 定位元素成功：'登录' 
2020-04-10 14:21:59,846 - BasePage - INFO - 元素'登录'\ 被点击.
2020-04-10 14:22:03,247 - BasePage - INFO - 开始截图并保存
2020-04-10 14:22:05,361 - BrowserEngine - INFO - 本次测试使用浏览器：Chrome
2020-04-10 14:22:07,560 - BrowserEngine - INFO - Chrome已经启动...
2020-04-10 14:22:09,536 - BrowserEngine - INFO - 浏览器窗口最大化
2020-04-10 14:22:09,570 - BasePage - INFO - 通过 xpath via value: //input[@placeholder='请输入用户名'] 定位元素成功：'' 
2020-04-10 14:22:09,629 - BasePage - INFO - 输入文本内容：'  '
2020-04-10 14:22:09,656 - BasePage - INFO - 通过 xpath via value: //input[@type='password'] 定位元素成功：'' 
2020-04-10 14:22:09,731 - BasePage - INFO - 输入文本内容：' 23456 '
2020-04-10 14:22:09,773 - BasePage - INFO - 通过 xpath via value: //span[text()='登录'] 定位元素成功：'登录' 
2020-04-10 14:22:09,830 - BasePage - INFO - 元素'登录'\ 被点击.
2020-04-10 14:22:13,357 - BasePage - INFO - 开始截图并保存
2020-04-10 14:22:15,484 - BrowserEngine - INFO - 本次测试使用浏览器：Chrome
2020-04-10 14:22:17,585 - BrowserEngine - INFO - Chrome已经启动...
2020-04-10 14:22:19,444 - BrowserEngine - INFO - 浏览器窗口最大化
2020-04-10 14:22:19,477 - BasePage - INFO - 通过 xpath via value: //input[@placeholder='请输入用户名'] 定位元素成功：'' 
2020-04-10 14:22:19,563 - BasePage - INFO - 输入文本内容：' admin '
2020-04-10 14:22:19,591 - BasePage - INFO - 通过 xpath via value: //input[@type='password'] 定位元素成功：'' 
2020-04-10 14:22:19,668 - BasePage - INFO - 输入文本内容：' 123456 '
2020-04-10 14:22:19,696 - BasePage - INFO - 通过 xpath via value: //span[text()='登录'] 定位元素成功：'登录' 
2020-04-10 14:22:19,755 - BasePage - INFO - 元素'登录'\ 被点击.
2020-04-10 14:22:23,111 - BasePage - INFO - 开始截图并保存
2020-04-10 15:03:48,726 - BrowserEngine - INFO - 本次测试使用浏览器：Chrome
2020-04-10 15:03:50,949 - BrowserEngine - INFO - Chrome已经启动...
2020-04-10 15:03:52,777 - BrowserEngine - INFO - 浏览器窗口最大化
2020-04-10 15:03:52,809 - BasePage - INFO - 通过 xpath via value: //input[@placeholder='请输入用户名'] 定位元素成功：'' 
2020-04-10 15:03:52,898 - BasePage - INFO - 输入文本内容：' admin '
2020-04-10 15:03:52,927 - BasePage - INFO - 通过 xpath via value: //input[@type='password'] 定位元素成功：'' 
2020-04-10 15:03:53,015 - BasePage - INFO - 输入文本内容：' 1234561 '
2020-04-10 15:03:53,046 - BasePage - INFO - 通过 xpath via value: //span[text()='登录'] 定位元素成功：'登录' 
2020-04-10 15:03:53,098 - BasePage - INFO - 元素'登录'\ 被点击.
2020-04-10 15:03:56,636 - BasePage - INFO - 开始截图并保存
2020-04-10 15:03:58,779 - BrowserEngine - INFO - 本次测试使用浏览器：Chrome
2020-04-10 15:04:00,887 - BrowserEngine - INFO - Chrome已经启动...
2020-04-10 15:04:02,736 - BrowserEngine - INFO - 浏览器窗口最大化
2020-04-10 15:04:02,775 - BasePage - INFO - 通过 xpath via value: //input[@placeholder='请输入用户名'] 定位元素成功：'' 
2020-04-10 15:04:02,832 - BasePage - INFO - 输入文本内容：'  '
2020-04-10 15:04:02,861 - BasePage - INFO - 通过 xpath via value: //input[@type='password'] 定位元素成功：'' 
2020-04-10 15:04:02,992 - BasePage - INFO - 输入文本内容：' 123456789123456789 '
2020-04-10 15:04:03,020 - BasePage - INFO - 通过 xpath via value: //span[text()='登录'] 定位元素成功：'登录' 
2020-04-10 15:04:03,083 - BasePage - INFO - 元素'登录'\ 被点击.
2020-04-10 15:04:06,640 - BasePage - INFO - 开始截图并保存
2020-04-10 15:04:08,781 - BrowserEngine - INFO - 本次测试使用浏览器：Chrome
2020-04-10 15:04:10,884 - BrowserEngine - INFO - Chrome已经启动...
2020-04-10 15:04:12,705 - BrowserEngine - INFO - 浏览器窗口最大化
2020-04-10 15:04:12,749 - BasePage - INFO - 通过 xpath via value: //input[@placeholder='请输入用户名'] 定位元素成功：'' 
2020-04-10 15:04:12,811 - BasePage - INFO - 输入文本内容：'  '
2020-04-10 15:04:12,842 - BasePage - INFO - 通过 xpath via value: //input[@type='password'] 定位元素成功：'' 
2020-04-10 15:04:12,933 - BasePage - INFO - 输入文本内容：' 113456 '
2020-04-10 15:04:12,965 - BasePage - INFO - 通过 xpath via value: //span[text()='登录'] 定位元素成功：'登录' 
2020-04-10 15:04:13,022 - BasePage - INFO - 元素'登录'\ 被点击.
2020-04-10 15:04:16,275 - BrowserEngine - INFO - 本次测试使用浏览器：Chrome
2020-04-10 15:04:16,681 - BasePage - INFO - 开始截图并保存
2020-04-10 15:04:18,454 - BrowserEngine - INFO - Chrome已经启动...
2020-04-10 15:04:18,812 - BrowserEngine - INFO - 本次测试使用浏览器：Chrome
2020-04-10 15:04:20,294 - BrowserEngine - INFO - 浏览器窗口最大化
2020-04-10 15:04:20,329 - BasePage - INFO - 通过 xpath via value: //input[@placeholder='请输入用户名'] 定位元素成功：'' 
2020-04-10 15:04:20,417 - BasePage - INFO - 输入文本内容：' admin '
2020-04-10 15:04:20,449 - BasePage - INFO - 通过 xpath via value: //input[@type='password'] 定位元素成功：'' 
2020-04-10 15:04:20,553 - BasePage - INFO - 输入文本内容：' 1234561 '
2020-04-10 15:04:20,585 - BasePage - INFO - 通过 xpath via value: //span[text()='登录'] 定位元素成功：'登录' 
2020-04-10 15:04:20,638 - BasePage - INFO - 元素'登录'\ 被点击.
2020-04-10 15:04:21,022 - BrowserEngine - INFO - Chrome已经启动...
2020-04-10 15:04:23,598 - BrowserEngine - INFO - 浏览器窗口最大化
2020-04-10 15:04:23,634 - BasePage - INFO - 通过 xpath via value: //input[@placeholder='请输入用户名'] 定位元素成功：'' 
2020-04-10 15:04:23,718 - BasePage - INFO - 输入文本内容：' asijk '
2020-04-10 15:04:23,747 - BasePage - INFO - 通过 xpath via value: //input[@type='password'] 定位元素成功：'' 
2020-04-10 15:04:23,834 - BasePage - INFO - 输入文本内容：' 12345个6 '
2020-04-10 15:04:23,866 - BasePage - INFO - 通过 xpath via value: //span[text()='登录'] 定位元素成功：'登录' 
2020-04-10 15:04:24,058 - BasePage - INFO - 元素'登录'\ 被点击.
2020-04-10 15:04:24,196 - BasePage - INFO - 开始截图并保存
2020-04-10 15:04:26,300 - BrowserEngine - INFO - 本次测试使用浏览器：Chrome
2020-04-10 15:04:27,729 - BasePage - INFO - 开始截图并保存
2020-04-10 15:04:28,766 - BrowserEngine - INFO - Chrome已经启动...
2020-04-10 15:04:29,830 - BrowserEngine - INFO - 本次测试使用浏览器：Chrome
2020-04-10 15:04:47,916 - BrowserEngine - INFO - 本次测试使用浏览器：Chrome
2020-04-10 15:04:50,077 - BrowserEngine - INFO - Chrome已经启动...
2020-04-10 15:04:51,894 - BrowserEngine - INFO - 浏览器窗口最大化
2020-04-10 15:04:51,927 - BasePage - INFO - 通过 xpath via value: //input[@placeholder='请输入用户名'] 定位元素成功：'' 
2020-04-10 15:04:52,012 - BasePage - INFO - 输入文本内容：' admin '
2020-04-10 15:04:52,039 - BasePage - INFO - 通过 xpath via value: //input[@type='password'] 定位元素成功：'' 
2020-04-10 15:04:52,114 - BasePage - INFO - 输入文本内容：' 123456 '
2020-04-10 15:04:52,143 - BasePage - INFO - 通过 xpath via value: //span[text()='登录'] 定位元素成功：'登录' 
2020-04-10 15:04:52,202 - BasePage - INFO - 元素'登录'\ 被点击.
2020-04-10 15:04:53,251 - BasePage - INFO - 通过 xpath via value: //span[text()='人脸识别'] 定位元素成功：'人脸识别' 
2020-04-10 15:04:53,351 - BasePage - INFO - 元素'人脸识别'\ 被点击.
2020-04-10 15:04:54,382 - BasePage - INFO - 通过 xpath via value: //span[text()='人脸平台信息'] 定位元素成功：'人脸平台信息' 
2020-04-10 15:04:54,483 - BasePage - INFO - 元素'人脸平台信息'\ 被点击.
2020-04-10 15:04:56,516 - BasePage - INFO - 通过 xpath via value: //input[@placeholder='请输入设备编号'] 定位元素成功：'' 
2020-04-10 15:04:56,536 - BasePage - INFO - 清除输入文本.
2020-04-10 15:04:56,569 - BasePage - INFO - 通过 xpath via value: //input[@placeholder='请输入设备编号'] 定位元素成功：'' 
2020-04-10 15:04:56,632 - BasePage - INFO - 输入文本内容：' 1885 '
2020-04-10 15:04:56,664 - BasePage - INFO - 通过 xpath via value: //input[@placeholder='请输入服务器ip地址'] 定位元素成功：'' 
2020-04-10 15:04:56,686 - BasePage - INFO - 清除输入文本.
2020-04-10 15:04:56,703 - BasePage - INFO - 通过 xpath via value: //input[@placeholder='请输入服务器ip地址'] 定位元素成功：'' 
2020-04-10 15:04:56,826 - BasePage - INFO - 输入文本内容：' 192.168.3.230 '
2020-04-10 15:04:56,857 - BasePage - INFO - 通过 xpath via value: //*[@id="app"]/section/section/main/div/div[2]/div[3]/div/div/form/div[3]/div/div/div/input 定位元素成功：'' 
2020-04-10 15:04:56,877 - BasePage - INFO - 清除输入文本.
2020-04-10 15:04:56,889 - BasePage - INFO - 通过 xpath via value: //*[@id="app"]/section/section/main/div/div[2]/div[3]/div/div/form/div[3]/div/div/div/input 定位元素成功：'' 
2020-04-10 15:04:56,945 - BasePage - INFO - 输入文本内容：' 27020 '
2020-04-10 15:04:56,977 - BasePage - INFO - 通过 xpath via value: //span[text()='确 定'] 定位元素成功：'确 定' 
2020-04-10 15:04:57,046 - BasePage - INFO - 元素'确 定'\ 被点击.
2020-04-10 15:04:59,373 - BasePage - INFO - 开始截图并保存
