2020-07-10 17:33:42,140 - MyTestV2 - INFO - [None]设备筛选测试
2020-07-10 17:33:47,266 - MyTestV2 - INFO - [None]大电围
2020-07-10 17:33:50,970 - MyTestV2 - INFO - [None]微电围-百才帮
2020-07-10 17:33:54,530 - MyTestV2 - INFO - [None]微电围-超讯
2020-07-10 17:33:58,516 - MyTestV2 - INFO - [None]GPIO断电重启
2020-07-10 18:20:16,346 - MyTestV2 - INFO - [None]1
2020-07-10 18:20:16,346 - MyTestV2 - INFO - [None]false
2020-07-10 18:20:19,845 - MyTestV2 - INFO - [None]1
2020-07-10 18:20:19,845 - MyTestV2 - INFO - [None]false
2020-07-10 18:20:22,928 - MyTestV2 - INFO - [None]0
2020-07-10 18:20:22,928 - MyTestV2 - INFO - [None]pass
2020-07-10 18:20:25,969 - MyTestV2 - INFO - [None]0
2020-07-10 18:20:25,970 - MyTestV2 - INFO - [None]pass
2020-07-10 18:20:29,013 - MyTestV2 - INFO - [None]0
2020-07-10 18:20:29,013 - MyTestV2 - INFO - [None]pass
2020-07-10 18:20:29,107 - MyTestV2 - INFO - [None]0
2020-07-10 18:20:29,107 - MyTestV2 - INFO - [None]pass
2020-07-10 18:20:29,345 - MyTestV2 - INFO - [None]1
2020-07-10 18:20:29,346 - MyTestV2 - INFO - [None]false
2020-07-10 18:20:29,434 - MyTestV2 - INFO - [None]0
2020-07-10 18:20:29,434 - MyTestV2 - INFO - [None]pass
2020-07-10 18:20:29,529 - MyTestV2 - INFO - [None]0
2020-07-10 18:20:29,529 - MyTestV2 - INFO - [None]pass
2020-07-10 18:20:29,628 - MyTestV2 - INFO - [None]0
2020-07-10 18:20:29,629 - MyTestV2 - INFO - [None]pass
2020-07-10 18:20:29,846 - MyTestV2 - INFO - [None]1
2020-07-10 18:20:29,846 - MyTestV2 - INFO - [None]false
2020-07-10 18:20:29,936 - MyTestV2 - INFO - [None]0
2020-07-10 18:20:29,937 - MyTestV2 - INFO - [None]pass
2020-07-10 18:20:30,346 - MyTestV2 - INFO - [None]1
2020-07-10 18:20:30,346 - MyTestV2 - INFO - [None]false
2020-07-10 18:20:30,845 - MyTestV2 - INFO - [None]1
2020-07-10 18:20:30,845 - MyTestV2 - INFO - [None]false
2020-07-10 18:20:31,349 - MyTestV2 - INFO - [None]1
2020-07-10 18:20:31,349 - MyTestV2 - INFO - [None]false
2020-07-10 18:20:31,444 - MyTestV2 - INFO - [None]0
2020-07-10 18:20:31,444 - MyTestV2 - INFO - [None]pass
2020-07-10 18:20:31,845 - MyTestV2 - INFO - [None]1
2020-07-10 18:20:31,845 - MyTestV2 - INFO - [None]false
2020-07-10 18:20:32,344 - MyTestV2 - INFO - [None]1
2020-07-10 18:20:32,345 - MyTestV2 - INFO - [None]false
2020-07-10 18:20:32,435 - MyTestV2 - INFO - [None]0
2020-07-10 18:20:32,436 - MyTestV2 - INFO - [None]pass
2020-07-10 18:20:32,846 - MyTestV2 - INFO - [None]1
2020-07-10 18:20:32,846 - MyTestV2 - INFO - [None]false
2020-07-10 18:20:33,347 - MyTestV2 - INFO - [None]1
2020-07-10 18:20:33,347 - MyTestV2 - INFO - [None]false
2020-07-10 18:20:33,845 - MyTestV2 - INFO - [None]1
2020-07-10 18:20:33,845 - MyTestV2 - INFO - [None]false
2020-07-10 18:20:33,943 - MyTestV2 - INFO - [None]0
2020-07-10 18:20:33,943 - MyTestV2 - INFO - [None]pass
2020-07-10 18:20:34,032 - MyTestV2 - INFO - [None]0
2020-07-10 18:20:34,032 - MyTestV2 - INFO - [None]pass
2020-07-10 18:20:34,345 - MyTestV2 - INFO - [None]1
2020-07-10 18:20:34,345 - MyTestV2 - INFO - [None]false
2020-07-10 18:20:34,846 - MyTestV2 - INFO - [None]1
2020-07-10 18:20:34,846 - MyTestV2 - INFO - [None]false
2020-07-10 18:20:35,345 - MyTestV2 - INFO - [None]1
2020-07-10 18:20:35,345 - MyTestV2 - INFO - [None]false
2020-07-10 18:20:35,846 - MyTestV2 - INFO - [None]1
2020-07-10 18:20:35,846 - MyTestV2 - INFO - [None]false
2020-07-10 18:20:35,933 - MyTestV2 - INFO - [None]0
2020-07-10 18:20:35,933 - MyTestV2 - INFO - [None]pass
2020-07-10 18:20:36,346 - MyTestV2 - INFO - [None]1
2020-07-10 18:20:36,346 - MyTestV2 - INFO - [None]false
2020-07-10 18:20:36,845 - MyTestV2 - INFO - [None]1
2020-07-10 18:20:36,845 - MyTestV2 - INFO - [None]false
2020-07-10 18:20:36,936 - MyTestV2 - INFO - [None]0
2020-07-10 18:20:36,937 - MyTestV2 - INFO - [None]pass
2020-07-10 18:20:37,345 - MyTestV2 - INFO - [None]1
2020-07-10 18:20:37,345 - MyTestV2 - INFO - [None]false
2020-07-10 18:20:37,846 - MyTestV2 - INFO - [None]1
2020-07-10 18:20:37,846 - MyTestV2 - INFO - [None]false
2020-07-10 18:20:37,937 - MyTestV2 - INFO - [None]0
2020-07-10 18:20:37,937 - MyTestV2 - INFO - [None]pass
2020-07-10 18:20:38,345 - MyTestV2 - INFO - [None]1
2020-07-10 18:20:38,345 - MyTestV2 - INFO - [None]false
2020-07-10 18:20:38,846 - MyTestV2 - INFO - [None]1
2020-07-10 18:20:38,846 - MyTestV2 - INFO - [None]false
2020-07-10 18:20:39,346 - MyTestV2 - INFO - [None]1
2020-07-10 18:20:39,346 - MyTestV2 - INFO - [None]false
2020-07-10 18:20:39,436 - MyTestV2 - INFO - [None]0
2020-07-10 18:20:39,437 - MyTestV2 - INFO - [None]pass
2020-07-10 18:20:39,845 - MyTestV2 - INFO - [None]1
2020-07-10 18:20:39,845 - MyTestV2 - INFO - [None]false
2020-07-10 18:20:40,345 - MyTestV2 - INFO - [None]1
2020-07-10 18:20:40,345 - MyTestV2 - INFO - [None]false
2020-07-10 18:20:40,438 - MyTestV2 - INFO - [None]0
2020-07-10 18:20:40,438 - MyTestV2 - INFO - [None]pass
2020-07-10 18:20:40,845 - MyTestV2 - INFO - [None]1
2020-07-10 18:20:40,845 - MyTestV2 - INFO - [None]false
2020-07-10 18:20:41,345 - MyTestV2 - INFO - [None]1
2020-07-10 18:20:41,345 - MyTestV2 - INFO - [None]false
2020-07-10 18:20:41,436 - MyTestV2 - INFO - [None]0
2020-07-10 18:20:41,436 - MyTestV2 - INFO - [None]pass
2020-07-10 18:20:41,846 - MyTestV2 - INFO - [None]1
2020-07-10 18:20:41,846 - MyTestV2 - INFO - [None]false
2020-07-10 18:20:42,346 - MyTestV2 - INFO - [None]1
2020-07-10 18:20:42,347 - MyTestV2 - INFO - [None]false
2020-07-10 18:20:42,846 - MyTestV2 - INFO - [None]1
2020-07-10 18:20:42,846 - MyTestV2 - INFO - [None]false
2020-07-10 18:20:43,346 - MyTestV2 - INFO - [None]1
2020-07-10 18:20:43,346 - MyTestV2 - INFO - [None]false
2020-07-10 18:20:43,845 - MyTestV2 - INFO - [None]1
2020-07-10 18:20:43,846 - MyTestV2 - INFO - [None]false
2020-07-10 18:20:44,345 - MyTestV2 - INFO - [None]1
2020-07-10 18:20:44,345 - MyTestV2 - INFO - [None]false
2020-07-10 18:20:44,845 - MyTestV2 - INFO - [None]1
2020-07-10 18:20:44,845 - MyTestV2 - INFO - [None]false
2020-07-10 18:20:45,356 - MyTestV2 - INFO - [None]1
2020-07-10 18:20:45,356 - MyTestV2 - INFO - [None]false
2020-07-10 18:20:45,845 - MyTestV2 - INFO - [None]1
2020-07-10 18:20:45,845 - MyTestV2 - INFO - [None]false
2020-07-10 18:20:46,345 - MyTestV2 - INFO - [None]1
2020-07-10 18:20:46,346 - MyTestV2 - INFO - [None]false
2020-07-10 18:20:46,846 - MyTestV2 - INFO - [None]1
2020-07-10 18:20:46,846 - MyTestV2 - INFO - [None]false
2020-07-10 18:20:47,356 - MyTestV2 - INFO - [None]1
2020-07-10 18:20:47,356 - MyTestV2 - INFO - [None]false
2020-07-10 18:20:47,844 - MyTestV2 - INFO - [None]1
2020-07-10 18:20:47,845 - MyTestV2 - INFO - [None]false
2020-07-10 18:20:48,346 - MyTestV2 - INFO - [None]1
2020-07-10 18:20:48,346 - MyTestV2 - INFO - [None]false
2020-07-10 18:20:48,847 - MyTestV2 - INFO - [None]1
2020-07-10 18:20:48,847 - MyTestV2 - INFO - [None]false
2020-07-10 18:20:49,345 - MyTestV2 - INFO - [None]1
2020-07-10 18:20:49,345 - MyTestV2 - INFO - [None]false
2020-07-10 18:20:49,845 - MyTestV2 - INFO - [None]1
2020-07-10 18:20:49,845 - MyTestV2 - INFO - [None]false
2020-07-10 18:20:50,349 - MyTestV2 - INFO - [None]1
2020-07-10 18:20:50,349 - MyTestV2 - INFO - [None]false
2020-07-10 18:20:50,858 - MyTestV2 - INFO - [None]1
2020-07-10 18:20:50,858 - MyTestV2 - INFO - [None]false
2020-07-10 18:20:51,345 - MyTestV2 - INFO - [None]1
2020-07-10 18:20:51,345 - MyTestV2 - INFO - [None]false
2020-07-10 18:20:51,844 - MyTestV2 - INFO - [None]1
2020-07-10 18:20:51,844 - MyTestV2 - INFO - [None]false
2020-07-10 18:20:52,346 - MyTestV2 - INFO - [None]1
2020-07-10 18:20:52,346 - MyTestV2 - INFO - [None]false
2020-07-10 18:20:52,846 - MyTestV2 - INFO - [None]1
2020-07-10 18:20:52,846 - MyTestV2 - INFO - [None]false
2020-07-10 18:20:53,346 - MyTestV2 - INFO - [None]1
2020-07-10 18:20:53,346 - MyTestV2 - INFO - [None]false
2020-07-10 18:20:53,845 - MyTestV2 - INFO - [None]1
2020-07-10 18:20:53,845 - MyTestV2 - INFO - [None]false
2020-07-10 18:20:54,345 - MyTestV2 - INFO - [None]1
2020-07-10 18:20:54,345 - MyTestV2 - INFO - [None]false
2020-07-10 18:20:54,845 - MyTestV2 - INFO - [None]1
2020-07-10 18:20:54,845 - MyTestV2 - INFO - [None]false
2020-07-10 18:20:55,345 - MyTestV2 - INFO - [None]1
2020-07-10 18:20:55,345 - MyTestV2 - INFO - [None]false
2020-07-10 18:20:55,855 - MyTestV2 - INFO - [None]1
2020-07-10 18:20:55,856 - MyTestV2 - INFO - [None]false
2020-07-10 18:20:56,344 - MyTestV2 - INFO - [None]1
2020-07-10 18:20:56,344 - MyTestV2 - INFO - [None]false
2020-07-10 18:20:56,846 - MyTestV2 - INFO - [None]1
2020-07-10 18:20:56,846 - MyTestV2 - INFO - [None]false
2020-07-10 18:20:57,346 - MyTestV2 - INFO - [None]1
2020-07-10 18:20:57,346 - MyTestV2 - INFO - [None]false
2020-07-10 18:20:57,845 - MyTestV2 - INFO - [None]1
2020-07-10 18:20:57,845 - MyTestV2 - INFO - [None]false
2020-07-10 18:20:58,345 - MyTestV2 - INFO - [None]1
2020-07-10 18:20:58,345 - MyTestV2 - INFO - [None]false
2020-07-10 18:20:58,845 - MyTestV2 - INFO - [None]1
2020-07-10 18:20:58,845 - MyTestV2 - INFO - [None]false
2020-07-10 18:20:59,346 - MyTestV2 - INFO - [None]1
2020-07-10 18:20:59,346 - MyTestV2 - INFO - [None]false
2020-07-10 18:20:59,845 - MyTestV2 - INFO - [None]1
2020-07-10 18:20:59,845 - MyTestV2 - INFO - [None]false
2020-07-10 18:21:00,348 - MyTestV2 - INFO - [None]1
2020-07-10 18:21:00,348 - MyTestV2 - INFO - [None]false
2020-07-10 18:21:00,848 - MyTestV2 - INFO - [None]1
2020-07-10 18:21:00,848 - MyTestV2 - INFO - [None]false
2020-07-10 18:21:01,346 - MyTestV2 - INFO - [None]1
2020-07-10 18:21:01,346 - MyTestV2 - INFO - [None]false
2020-07-10 18:21:01,845 - MyTestV2 - INFO - [None]1
2020-07-10 18:21:01,845 - MyTestV2 - INFO - [None]false
2020-07-10 18:21:02,346 - MyTestV2 - INFO - [None]1
2020-07-10 18:21:02,346 - MyTestV2 - INFO - [None]false
2020-07-10 18:21:02,846 - MyTestV2 - INFO - [None]1
2020-07-10 18:21:02,846 - MyTestV2 - INFO - [None]false
2020-07-10 18:21:03,346 - MyTestV2 - INFO - [None]1
2020-07-10 18:21:03,346 - MyTestV2 - INFO - [None]false
2020-07-10 18:21:03,847 - MyTestV2 - INFO - [None]1
2020-07-10 18:21:03,847 - MyTestV2 - INFO - [None]false
2020-07-10 18:21:04,346 - MyTestV2 - INFO - [None]1
2020-07-10 18:21:04,346 - MyTestV2 - INFO - [None]false
2020-07-10 18:21:04,847 - MyTestV2 - INFO - [None]1
2020-07-10 18:21:04,847 - MyTestV2 - INFO - [None]false
2020-07-10 18:21:05,345 - MyTestV2 - INFO - [None]1
2020-07-10 18:21:05,345 - MyTestV2 - INFO - [None]false
2020-07-10 18:21:05,844 - MyTestV2 - INFO - [None]1
2020-07-10 18:21:05,845 - MyTestV2 - INFO - [None]false
2020-07-10 18:21:06,346 - MyTestV2 - INFO - [None]1
2020-07-10 18:21:06,346 - MyTestV2 - INFO - [None]false
2020-07-10 18:21:06,848 - MyTestV2 - INFO - [None]1
2020-07-10 18:21:06,848 - MyTestV2 - INFO - [None]false
2020-07-10 18:21:07,345 - MyTestV2 - INFO - [None]1
2020-07-10 18:21:07,345 - MyTestV2 - INFO - [None]false
2020-07-10 18:21:07,849 - MyTestV2 - INFO - [None]1
2020-07-10 18:21:07,849 - MyTestV2 - INFO - [None]false
2020-07-10 18:21:08,345 - MyTestV2 - INFO - [None]1
2020-07-10 18:21:08,346 - MyTestV2 - INFO - [None]false
2020-07-10 18:21:08,846 - MyTestV2 - INFO - [None]1
2020-07-10 18:21:08,846 - MyTestV2 - INFO - [None]false
2020-07-10 18:21:09,355 - MyTestV2 - INFO - [None]1
2020-07-10 18:21:09,356 - MyTestV2 - INFO - [None]false
2020-07-10 18:21:09,845 - MyTestV2 - INFO - [None]1
2020-07-10 18:21:09,845 - MyTestV2 - INFO - [None]false
2020-07-10 18:21:10,346 - MyTestV2 - INFO - [None]1
2020-07-10 18:21:10,346 - MyTestV2 - INFO - [None]false
2020-07-10 18:21:10,846 - MyTestV2 - INFO - [None]1
2020-07-10 18:21:10,846 - MyTestV2 - INFO - [None]false
2020-07-10 18:21:11,345 - MyTestV2 - INFO - [None]1
2020-07-10 18:21:11,356 - MyTestV2 - INFO - [None]false
2020-07-10 18:21:11,844 - MyTestV2 - INFO - [None]1
2020-07-10 18:21:11,844 - MyTestV2 - INFO - [None]false
2020-07-10 18:21:12,345 - MyTestV2 - INFO - [None]1
2020-07-10 18:21:12,345 - MyTestV2 - INFO - [None]false
2020-07-10 18:21:12,849 - MyTestV2 - INFO - [None]1
2020-07-10 18:21:12,970 - MyTestV2 - INFO - [None]false
2020-07-10 18:21:13,358 - MyTestV2 - INFO - [None]1
2020-07-10 18:21:13,358 - MyTestV2 - INFO - [None]false
2020-07-10 18:21:13,845 - MyTestV2 - INFO - [None]1
2020-07-10 18:21:13,845 - MyTestV2 - INFO - [None]false
2020-07-10 18:21:14,344 - MyTestV2 - INFO - [None]1
2020-07-10 18:21:14,345 - MyTestV2 - INFO - [None]false
2020-07-10 18:21:14,844 - MyTestV2 - INFO - [None]1
2020-07-10 18:21:14,844 - MyTestV2 - INFO - [None]false
2020-07-10 18:21:15,343 - MyTestV2 - INFO - [None]1
2020-07-10 18:21:15,345 - MyTestV2 - INFO - [None]false
2020-07-10 18:21:15,845 - MyTestV2 - INFO - [None]1
2020-07-10 18:21:15,845 - MyTestV2 - INFO - [None]false
2020-07-10 18:21:16,345 - MyTestV2 - INFO - [None]1
2020-07-10 18:21:16,352 - MyTestV2 - INFO - [None]false
2020-07-10 18:21:16,845 - MyTestV2 - INFO - [None]1
2020-07-10 18:21:16,845 - MyTestV2 - INFO - [None]false
2020-07-10 18:21:17,344 - MyTestV2 - INFO - [None]1
2020-07-10 18:21:17,344 - MyTestV2 - INFO - [None]false
2020-07-10 18:21:17,846 - MyTestV2 - INFO - [None]1
2020-07-10 18:21:17,846 - MyTestV2 - INFO - [None]false
2020-07-10 18:21:18,346 - MyTestV2 - INFO - [None]1
2020-07-10 18:21:18,347 - MyTestV2 - INFO - [None]false
2020-07-10 18:21:18,443 - MyTestV2 - INFO - [None]0
2020-07-10 18:21:18,443 - MyTestV2 - INFO - [None]pass
2020-07-10 18:21:18,445 - MyTestV2 - INFO - [None]OnlineIpArry:['192.168.3.32', '192.168.3.33', '192.168.3.34', '192.168.3.35', '192.168.3.37', '192.168.3.38', '192.168.3.39', '192.168.3.41', '192.168.3.45', '192.168.3.48', '192.168.3.52', '192.168.3.53', '192.168.3.58', '192.168.3.61', '192.168.3.64', '192.168.3.68', '192.168.3.71', '192.168.3.74', '192.168.3.200', '', '', '', '', '', '', '', '', '', '', '', '', '', '', '', '', '', '', '', '', '', '', '', '', '', '', '', '', '', '', '', '', '', '', '', '', '', '', '', '', '', '', '', '', '', '', '', '', '', '', '', '', '', '', '', '', '', '', '', '', '', '', '', '', '', '', '', '', '', '', '', '', '', '', '', '', '', '', '', '', '', '', '', '', '', '', '', '', '', '', '', '', '', '', '', '', '', '', '', '', '']
