2020-07-17 18:50:13,588 - MyTestV2 - INFO - [None]打开浏览器
2020-07-17 18:50:20,352 - MyTestV2 - INFO - [None]输入用户名：admin
2020-07-17 18:50:20,425 - MyTestV2 - INFO - [None]输入密码：123456
2020-07-17 18:50:20,560 - MyTestV2 - INFO - [None]点击了登录按钮
2020-07-17 18:50:22,583 - MyTestV2 - INFO - [None]dev Id:190829
2020-07-17 18:50:22,583 - MyTestV2 - INFO - [None]登录成功啦
2020-07-17 18:50:23,630 - MyTestV2 - INFO - [None]点击基站管理
2020-07-17 18:50:24,750 - MyTestV2 - INFO - [None]点击核心板管理
2020-07-17 18:50:25,750 - MyTestV2 - INFO - [None]//div[text()='%d']
2020-07-17 18:50:35,795 - MyTestV2 - INFO - [None]Message: no such element: Unable to locate element: {"method":"xpath","selector":"//div[text()='%d']"}
  (Session info: chrome=81.0.4044.129)

2020-07-17 18:50:35,816 - MyTestV2 - INFO - [None]点击失败，可能该板子不存在
2020-07-17 18:50:38,053 - MyTestV2 - INFO - [None]你点击停止
2020-07-17 18:51:53,229 - MyTestV2 - INFO - [None]打开浏览器
2020-07-17 18:51:59,616 - MyTestV2 - INFO - [None]输入用户名：admin
2020-07-17 18:51:59,690 - MyTestV2 - INFO - [None]输入密码：123456
2020-07-17 18:51:59,813 - MyTestV2 - INFO - [None]点击了登录按钮
2020-07-17 18:52:01,835 - MyTestV2 - INFO - [None]dev Id:190829
2020-07-17 18:52:01,835 - MyTestV2 - INFO - [None]登录成功啦
2020-07-17 18:52:02,899 - MyTestV2 - INFO - [None]点击基站管理
2020-07-17 18:52:04,036 - MyTestV2 - INFO - [None]点击核心板管理
2020-07-17 18:52:05,037 - MyTestV2 - INFO - [None]//div[text()='1']
2020-07-17 18:52:06,171 - MyTestV2 - INFO - [None]点击rebootType重启：
2020-07-17 18:52:06,171 - MyTestV2 - INFO - [None]//span[text()='软重启']
2020-07-17 18:52:07,223 - MyTestV2 - INFO - [None]点击重启确认
2020-07-17 18:52:08,224 - MyTestV2 - INFO - [None]//div[text()='2']
2020-07-17 18:52:09,345 - MyTestV2 - INFO - [None]点击rebootType重启：
2020-07-17 18:52:09,345 - MyTestV2 - INFO - [None]//span[text()='软重启']
2020-07-17 18:52:10,372 - MyTestV2 - INFO - [None]点击重启确认
2020-07-17 18:52:11,372 - MyTestV2 - INFO - [None]//div[text()='3']
2020-07-17 18:52:12,495 - MyTestV2 - INFO - [None]点击rebootType重启：
2020-07-17 18:52:12,495 - MyTestV2 - INFO - [None]//span[text()='软重启']
2020-07-17 18:52:13,539 - MyTestV2 - INFO - [None]点击重启确认
2020-07-17 18:52:14,540 - MyTestV2 - INFO - [None]等待5s
2020-07-17 18:52:19,540 - MyTestV2 - INFO - [None]//div[text()='1']
2020-07-17 18:52:22,664 - MyTestV2 - INFO - [None]点击刷新
2020-07-17 18:52:23,711 - MyTestV2 - INFO - [None]离线状态
2020-07-17 18:52:23,711 - MyTestV2 - INFO - [None]//div[text()='2']
2020-07-17 18:52:26,813 - MyTestV2 - INFO - [None]点击刷新
2020-07-17 18:52:27,837 - MyTestV2 - INFO - [None]离线状态
2020-07-17 18:52:27,837 - MyTestV2 - INFO - [None]//div[text()='3']
2020-07-17 18:52:30,962 - MyTestV2 - INFO - [None]点击刷新
2020-07-17 18:52:31,994 - MyTestV2 - INFO - [None]离线状态
2020-07-17 18:52:31,994 - MyTestV2 - INFO - [None]等待20s
2020-07-17 18:52:51,995 - MyTestV2 - INFO - [None]//div[text()='1']
2020-07-17 18:52:55,113 - MyTestV2 - INFO - [None]点击刷新
2020-07-17 18:52:56,144 - MyTestV2 - INFO - [None]离线状态
2020-07-17 18:52:56,144 - MyTestV2 - INFO - [None]//div[text()='2']
2020-07-17 18:52:59,228 - MyTestV2 - INFO - [None]点击刷新
2020-07-17 18:53:00,248 - MyTestV2 - INFO - [None]离线状态
2020-07-17 18:53:00,248 - MyTestV2 - INFO - [None]//div[text()='3']
2020-07-17 18:53:03,346 - MyTestV2 - INFO - [None]点击刷新
2020-07-17 18:53:04,385 - MyTestV2 - INFO - [None]小区建立状态查询：建立成功
2020-07-17 18:53:04,387 - MyTestV2 - INFO - [None]等待60s
2020-07-17 18:53:24,427 - MyTestV2 - INFO - [None]点击刷新
2020-07-17 18:53:44,476 - MyTestV2 - INFO - [None]点击刷新
2020-07-17 18:54:04,528 - MyTestV2 - INFO - [None]点击刷新
2020-07-17 18:54:04,528 - MyTestV2 - INFO - [None]//div[text()='1']
2020-07-17 18:54:07,622 - MyTestV2 - INFO - [None]点击刷新
2020-07-17 18:54:08,644 - MyTestV2 - INFO - [None]离线状态
2020-07-17 18:54:08,644 - MyTestV2 - INFO - [None]//div[text()='2']
2020-07-17 18:54:11,727 - MyTestV2 - INFO - [None]点击刷新
2020-07-17 18:54:12,746 - MyTestV2 - INFO - [None]离线状态
2020-07-17 18:54:12,747 - MyTestV2 - INFO - [None]//div[text()='3']
2020-07-17 18:54:15,861 - MyTestV2 - INFO - [None]点击刷新
2020-07-17 18:54:16,901 - MyTestV2 - INFO - [None]小区建立状态查询：建立成功
2020-07-17 18:54:16,902 - MyTestV2 - INFO - [None]等待60s
2020-07-17 18:54:36,960 - MyTestV2 - INFO - [None]点击刷新
2020-07-17 18:54:57,010 - MyTestV2 - INFO - [None]点击刷新
2020-07-17 18:55:17,078 - MyTestV2 - INFO - [None]点击刷新
2020-07-17 18:55:17,079 - MyTestV2 - INFO - [None]//div[text()='1']
2020-07-17 18:55:20,188 - MyTestV2 - INFO - [None]点击刷新
2020-07-17 18:55:21,225 - MyTestV2 - INFO - [None]小区建立状态查询：建立成功
2020-07-17 18:55:21,225 - MyTestV2 - INFO - [None]等待60s
2020-07-17 18:55:41,276 - MyTestV2 - INFO - [None]点击刷新
2020-07-17 18:56:01,327 - MyTestV2 - INFO - [None]点击刷新
2020-07-17 18:56:21,375 - MyTestV2 - INFO - [None]点击刷新
2020-07-17 18:56:21,375 - MyTestV2 - INFO - [None]//div[text()='1']
2020-07-17 18:56:24,471 - MyTestV2 - INFO - [None]点击刷新
2020-07-17 18:56:35,501 - MyTestV2 - INFO - [None]Message: no such element: Unable to locate element: {"method":"css selector","selector":"main > div > div.el-tabs__content > div.box-card > div.el-table.el-table--fit.el-table--border.el-table--scrollable-x.el-table--enable-row-hover.el-table--enable-row-transition.el-table--mini > div.el-table__body-wrapper.is-scrolling-left > table > tbody > tr.el-table__row.expanded > td.el-table_1_column_7 > div > div > span"}
  (Session info: chrome=81.0.4044.129)

2020-07-17 18:56:35,501 - MyTestV2 - INFO - [None]799
2020-07-17 18:56:35,501 - MyTestV2 - INFO - [None]无法连接，请检查设备的是否开启，或是否在同一网段
2020-07-17 18:56:37,797 - MyTestV2 - INFO - [None]你点击停止
2020-07-17 18:59:09,637 - MyTestV2 - INFO - [None]打开浏览器
2020-07-17 18:59:16,100 - MyTestV2 - INFO - [None]输入用户名：admin
2020-07-17 18:59:16,172 - MyTestV2 - INFO - [None]输入密码：123456
2020-07-17 18:59:16,282 - MyTestV2 - INFO - [None]点击了登录按钮
2020-07-17 18:59:18,318 - MyTestV2 - INFO - [None]dev Id:190829
2020-07-17 18:59:18,318 - MyTestV2 - INFO - [None]登录成功啦
2020-07-17 18:59:19,374 - MyTestV2 - INFO - [None]点击基站管理
2020-07-17 18:59:20,493 - MyTestV2 - INFO - [None]点击核心板管理
2020-07-17 18:59:21,494 - MyTestV2 - INFO - [None]//div[text()='1']
2020-07-17 18:59:22,634 - MyTestV2 - INFO - [None]点击rebootType重启：
2020-07-17 18:59:22,634 - MyTestV2 - INFO - [None]//span[text()='断电重启']
2020-07-17 18:59:23,684 - MyTestV2 - INFO - [None]点击重启确认
2020-07-17 18:59:24,686 - MyTestV2 - INFO - [None]//div[text()='2']
2020-07-17 18:59:25,808 - MyTestV2 - INFO - [None]点击rebootType重启：
2020-07-17 18:59:25,808 - MyTestV2 - INFO - [None]//span[text()='断电重启']
2020-07-17 18:59:26,851 - MyTestV2 - INFO - [None]点击重启确认
2020-07-17 18:59:27,852 - MyTestV2 - INFO - [None]//div[text()='3']
2020-07-17 18:59:28,974 - MyTestV2 - INFO - [None]点击rebootType重启：
2020-07-17 18:59:28,974 - MyTestV2 - INFO - [None]//span[text()='断电重启']
2020-07-17 18:59:30,033 - MyTestV2 - INFO - [None]点击重启确认
2020-07-17 18:59:31,034 - MyTestV2 - INFO - [None]等待5s
2020-07-17 18:59:36,034 - MyTestV2 - INFO - [None]//div[text()='1']
2020-07-17 18:59:39,142 - MyTestV2 - INFO - [None]点击刷新
2020-07-17 18:59:40,168 - MyTestV2 - INFO - [None]离线状态
2020-07-17 18:59:40,168 - MyTestV2 - INFO - [None]//div[text()='2']
2020-07-17 18:59:43,257 - MyTestV2 - INFO - [None]点击刷新
2020-07-17 18:59:44,289 - MyTestV2 - INFO - [None]离线状态
2020-07-17 18:59:44,289 - MyTestV2 - INFO - [None]//div[text()='3']
2020-07-17 18:59:47,407 - MyTestV2 - INFO - [None]点击刷新
2020-07-17 18:59:48,431 - MyTestV2 - INFO - [None]离线状态
2020-07-17 18:59:48,431 - MyTestV2 - INFO - [None]等待20s
2020-07-17 19:00:08,431 - MyTestV2 - INFO - [None]//div[text()='1']
2020-07-17 19:00:11,558 - MyTestV2 - INFO - [None]点击刷新
2020-07-17 19:00:12,578 - MyTestV2 - INFO - [None]离线状态
2020-07-17 19:00:12,579 - MyTestV2 - INFO - [None]//div[text()='2']
2020-07-17 19:00:15,674 - MyTestV2 - INFO - [None]点击刷新
2020-07-17 19:00:16,700 - MyTestV2 - INFO - [None]离线状态
2020-07-17 19:00:16,700 - MyTestV2 - INFO - [None]//div[text()='3']
2020-07-17 19:00:19,807 - MyTestV2 - INFO - [None]点击刷新
2020-07-17 19:00:20,845 - MyTestV2 - INFO - [None]小区建立状态查询：建立成功
2020-07-17 19:00:20,845 - MyTestV2 - INFO - [None]等待60s
2020-07-17 19:00:40,889 - MyTestV2 - INFO - [None]点击刷新
2020-07-17 19:01:00,939 - MyTestV2 - INFO - [None]点击刷新
2020-07-17 19:01:20,989 - MyTestV2 - INFO - [None]点击刷新
2020-07-17 19:01:20,989 - MyTestV2 - INFO - [None]//div[text()='1']
2020-07-17 19:01:24,083 - MyTestV2 - INFO - [None]点击刷新
2020-07-17 19:01:25,121 - MyTestV2 - INFO - [None]小区建立状态查询：小区建立中
2020-07-17 19:01:25,122 - MyTestV2 - INFO - [None]//div[text()='2']
2020-07-17 19:01:28,223 - MyTestV2 - INFO - [None]点击刷新
2020-07-17 19:01:29,265 - MyTestV2 - INFO - [None]小区建立状态查询：未建立
2020-07-17 19:01:29,265 - MyTestV2 - INFO - [None]//div[text()='3']
2020-07-17 19:01:32,355 - MyTestV2 - INFO - [None]点击刷新
2020-07-17 19:01:33,385 - MyTestV2 - INFO - [None]小区建立状态查询：建立成功
2020-07-17 19:01:33,385 - MyTestV2 - INFO - [None]等待60s
2020-07-17 19:01:53,439 - MyTestV2 - INFO - [None]点击刷新
2020-07-17 19:02:13,488 - MyTestV2 - INFO - [None]点击刷新
2020-07-17 19:02:33,537 - MyTestV2 - INFO - [None]点击刷新
2020-07-17 19:02:33,538 - MyTestV2 - INFO - [None]//div[text()='1']
2020-07-17 19:02:36,650 - MyTestV2 - INFO - [None]点击刷新
2020-07-17 19:02:37,694 - MyTestV2 - INFO - [None]小区建立状态查询：建立成功
2020-07-17 19:02:37,694 - MyTestV2 - INFO - [None]//div[text()='2']
2020-07-17 19:02:40,788 - MyTestV2 - INFO - [None]点击刷新
2020-07-17 19:02:41,823 - MyTestV2 - INFO - [None]小区建立状态查询：未建立
2020-07-17 19:02:41,823 - MyTestV2 - INFO - [None]//div[text()='3']
2020-07-17 19:02:44,938 - MyTestV2 - INFO - [None]点击刷新
2020-07-17 19:02:45,970 - MyTestV2 - INFO - [None]小区建立状态查询：建立成功
2020-07-17 19:02:45,970 - MyTestV2 - INFO - [None]等待60s
2020-07-17 19:03:06,021 - MyTestV2 - INFO - [None]点击刷新
2020-07-17 19:03:26,070 - MyTestV2 - INFO - [None]点击刷新
2020-07-17 19:03:46,154 - MyTestV2 - INFO - [None]点击刷新
2020-07-17 19:03:46,154 - MyTestV2 - INFO - [None]//div[text()='1']
2020-07-17 19:03:49,248 - MyTestV2 - INFO - [None]点击刷新
2020-07-17 19:03:50,285 - MyTestV2 - INFO - [None]小区建立状态查询：建立成功
2020-07-17 19:03:50,285 - MyTestV2 - INFO - [None]//div[text()='2']
2020-07-17 19:03:53,388 - MyTestV2 - INFO - [None]点击刷新
2020-07-17 19:03:54,422 - MyTestV2 - INFO - [None]小区建立状态查询：建立成功
2020-07-17 19:03:54,422 - MyTestV2 - INFO - [None]//div[text()='3']
2020-07-17 19:03:57,521 - MyTestV2 - INFO - [None]点击刷新
2020-07-17 19:03:58,554 - MyTestV2 - INFO - [None]小区建立状态查询：建立成功
2020-07-17 19:03:58,555 - MyTestV2 - INFO - [None]等待60s
2020-07-17 19:04:18,596 - MyTestV2 - INFO - [None]点击刷新
2020-07-17 19:04:38,636 - MyTestV2 - INFO - [None]点击刷新
2020-07-17 19:04:58,686 - MyTestV2 - INFO - [None]点击刷新
2020-07-17 19:04:58,686 - MyTestV2 - INFO - [None]//div[text()='1']
2020-07-17 19:05:01,797 - MyTestV2 - INFO - [None]点击刷新
2020-07-17 19:05:02,836 - MyTestV2 - INFO - [None]小区建立状态查询：建立成功
2020-07-17 19:05:02,837 - MyTestV2 - INFO - [None]//div[text()='2']
2020-07-17 19:05:05,920 - MyTestV2 - INFO - [None]点击刷新
2020-07-17 19:05:06,954 - MyTestV2 - INFO - [None]小区建立状态查询：建立成功
2020-07-17 19:05:06,954 - MyTestV2 - INFO - [None]//div[text()='3']
2020-07-17 19:05:10,053 - MyTestV2 - INFO - [None]点击刷新
2020-07-17 19:05:11,085 - MyTestV2 - INFO - [None]小区建立状态查询：建立成功
2020-07-17 19:05:11,085 - MyTestV2 - INFO - [None]等待60s
2020-07-17 19:05:31,136 - MyTestV2 - INFO - [None]点击刷新
2020-07-17 19:05:51,185 - MyTestV2 - INFO - [None]点击刷新
2020-07-17 19:06:11,235 - MyTestV2 - INFO - [None]点击刷新
2020-07-17 19:06:11,236 - MyTestV2 - INFO - [None]//div[text()='1']
2020-07-17 19:06:14,330 - MyTestV2 - INFO - [None]点击刷新
2020-07-17 19:06:15,362 - MyTestV2 - INFO - [None]小区建立状态查询：建立成功
2020-07-17 19:06:15,362 - MyTestV2 - INFO - [None]//div[text()='2']
2020-07-17 19:06:18,452 - MyTestV2 - INFO - [None]点击刷新
2020-07-17 19:06:19,484 - MyTestV2 - INFO - [None]小区建立状态查询：建立成功
2020-07-17 19:06:19,484 - MyTestV2 - INFO - [None]//div[text()='3']
2020-07-17 19:06:22,568 - MyTestV2 - INFO - [None]点击刷新
2020-07-17 19:06:23,600 - MyTestV2 - INFO - [None]小区建立状态查询：建立成功
2020-07-17 19:06:24,600 - MyTestV2 - INFO - [None]关闭浏览器
2020-07-17 19:06:26,930 - MyTestV2 - INFO - [None]你点击停止
