2020-06-11 09:19:43,058 - MyTestV2 - INFO - [None]1
2020-06-11 09:19:43,058 - MyTestV2 - INFO - [None]false
2020-06-11 09:19:43,559 - MyTestV2 - INFO - [None]1
2020-06-11 09:19:43,559 - MyTestV2 - INFO - [None]false
2020-06-11 09:19:44,075 - MyTestV2 - INFO - [None]1
2020-06-11 09:19:44,075 - MyTestV2 - INFO - [None]false
2020-06-11 09:19:44,558 - MyTestV2 - INFO - [None]1
2020-06-11 09:19:44,558 - MyTestV2 - INFO - [None]false
2020-06-11 09:19:45,058 - MyTestV2 - INFO - [None]1
2020-06-11 09:19:45,059 - MyTestV2 - INFO - [None]false
2020-06-11 09:19:45,563 - MyTestV2 - INFO - [None]1
2020-06-11 09:19:45,563 - MyTestV2 - INFO - [None]false
2020-06-11 09:19:46,059 - MyTestV2 - INFO - [None]1
2020-06-11 09:19:46,059 - MyTestV2 - INFO - [None]false
2020-06-11 09:19:46,562 - MyTestV2 - INFO - [None]1
2020-06-11 09:19:46,562 - MyTestV2 - INFO - [None]false
2020-06-11 09:19:47,058 - MyTestV2 - INFO - [None]1
2020-06-11 09:19:47,058 - MyTestV2 - INFO - [None]false
2020-06-11 09:19:47,565 - MyTestV2 - INFO - [None]1
2020-06-11 09:19:47,565 - MyTestV2 - INFO - [None]false
2020-06-11 09:19:48,059 - MyTestV2 - INFO - [None]1
2020-06-11 09:19:48,059 - MyTestV2 - INFO - [None]false
2020-06-11 09:19:48,558 - MyTestV2 - INFO - [None]1
2020-06-11 09:19:48,558 - MyTestV2 - INFO - [None]false
2020-06-11 09:19:49,059 - MyTestV2 - INFO - [None]1
2020-06-11 09:19:49,059 - MyTestV2 - INFO - [None]false
2020-06-11 09:19:49,572 - MyTestV2 - INFO - [None]1
2020-06-11 09:19:49,572 - MyTestV2 - INFO - [None]false
2020-06-11 09:19:50,058 - MyTestV2 - INFO - [None]1
2020-06-11 09:19:50,058 - MyTestV2 - INFO - [None]false
2020-06-11 09:19:50,144 - MyTestV2 - INFO - [None]0
2020-06-11 09:19:50,144 - MyTestV2 - INFO - [None]pass
2020-06-11 09:19:50,560 - MyTestV2 - INFO - [None]1
2020-06-11 09:19:50,560 - MyTestV2 - INFO - [None]false
2020-06-11 09:19:51,060 - MyTestV2 - INFO - [None]1
2020-06-11 09:19:51,060 - MyTestV2 - INFO - [None]false
2020-06-11 09:19:51,560 - MyTestV2 - INFO - [None]1
2020-06-11 09:19:51,560 - MyTestV2 - INFO - [None]false
2020-06-11 09:19:52,059 - MyTestV2 - INFO - [None]1
2020-06-11 09:19:52,059 - MyTestV2 - INFO - [None]false
2020-06-11 09:19:52,143 - MyTestV2 - INFO - [None]0
2020-06-11 09:19:52,143 - MyTestV2 - INFO - [None]pass
2020-06-11 09:19:52,228 - MyTestV2 - INFO - [None]0
2020-06-11 09:19:52,228 - MyTestV2 - INFO - [None]pass
2020-06-11 09:19:52,321 - MyTestV2 - INFO - [None]0
2020-06-11 09:19:52,322 - MyTestV2 - INFO - [None]pass
2020-06-11 09:19:52,419 - MyTestV2 - INFO - [None]0
2020-06-11 09:19:52,419 - MyTestV2 - INFO - [None]pass
2020-06-11 09:19:52,502 - MyTestV2 - INFO - [None]0
2020-06-11 09:19:52,502 - MyTestV2 - INFO - [None]pass
2020-06-11 09:19:52,589 - MyTestV2 - INFO - [None]0
2020-06-11 09:19:52,589 - MyTestV2 - INFO - [None]pass
2020-06-11 09:19:52,670 - MyTestV2 - INFO - [None]0
2020-06-11 09:19:52,670 - MyTestV2 - INFO - [None]pass
2020-06-11 09:19:52,750 - MyTestV2 - INFO - [None]0
2020-06-11 09:19:52,751 - MyTestV2 - INFO - [None]pass
2020-06-11 09:19:52,836 - MyTestV2 - INFO - [None]0
2020-06-11 09:19:52,836 - MyTestV2 - INFO - [None]pass
2020-06-11 09:19:53,060 - MyTestV2 - INFO - [None]1
2020-06-11 09:19:53,060 - MyTestV2 - INFO - [None]false
2020-06-11 09:19:53,563 - MyTestV2 - INFO - [None]1
2020-06-11 09:19:53,563 - MyTestV2 - INFO - [None]false
2020-06-11 09:19:54,069 - MyTestV2 - INFO - [None]1
2020-06-11 09:19:54,069 - MyTestV2 - INFO - [None]false
2020-06-11 09:19:54,559 - MyTestV2 - INFO - [None]1
2020-06-11 09:19:54,559 - MyTestV2 - INFO - [None]false
2020-06-11 09:19:55,058 - MyTestV2 - INFO - [None]1
2020-06-11 09:19:55,059 - MyTestV2 - INFO - [None]false
2020-06-11 09:19:55,558 - MyTestV2 - INFO - [None]1
2020-06-11 09:19:55,559 - MyTestV2 - INFO - [None]false
2020-06-11 09:19:56,059 - MyTestV2 - INFO - [None]1
2020-06-11 09:19:56,059 - MyTestV2 - INFO - [None]false
2020-06-11 09:19:56,565 - MyTestV2 - INFO - [None]1
2020-06-11 09:19:56,566 - MyTestV2 - INFO - [None]false
2020-06-11 09:19:57,059 - MyTestV2 - INFO - [None]1
2020-06-11 09:19:57,059 - MyTestV2 - INFO - [None]false
2020-06-11 09:19:57,560 - MyTestV2 - INFO - [None]1
2020-06-11 09:19:57,560 - MyTestV2 - INFO - [None]false
2020-06-11 09:19:58,061 - MyTestV2 - INFO - [None]1
2020-06-11 09:19:58,061 - MyTestV2 - INFO - [None]false
2020-06-11 09:19:58,559 - MyTestV2 - INFO - [None]1
2020-06-11 09:19:58,559 - MyTestV2 - INFO - [None]false
2020-06-11 09:19:59,058 - MyTestV2 - INFO - [None]1
2020-06-11 09:19:59,059 - MyTestV2 - INFO - [None]false
2020-06-11 09:19:59,561 - MyTestV2 - INFO - [None]1
2020-06-11 09:19:59,561 - MyTestV2 - INFO - [None]false
2020-06-11 09:20:00,059 - MyTestV2 - INFO - [None]1
2020-06-11 09:20:00,059 - MyTestV2 - INFO - [None]false
2020-06-11 09:20:00,564 - MyTestV2 - INFO - [None]1
2020-06-11 09:20:00,564 - MyTestV2 - INFO - [None]false
2020-06-11 09:20:01,058 - MyTestV2 - INFO - [None]1
2020-06-11 09:20:01,059 - MyTestV2 - INFO - [None]false
2020-06-11 09:20:01,559 - MyTestV2 - INFO - [None]1
2020-06-11 09:20:01,559 - MyTestV2 - INFO - [None]false
2020-06-11 09:20:02,060 - MyTestV2 - INFO - [None]1
2020-06-11 09:20:02,060 - MyTestV2 - INFO - [None]false
2020-06-11 09:20:02,559 - MyTestV2 - INFO - [None]1
2020-06-11 09:20:02,559 - MyTestV2 - INFO - [None]false
2020-06-11 09:20:03,059 - MyTestV2 - INFO - [None]1
2020-06-11 09:20:03,059 - MyTestV2 - INFO - [None]false
2020-06-11 09:20:03,140 - MyTestV2 - INFO - [None]0
2020-06-11 09:20:03,140 - MyTestV2 - INFO - [None]pass
2020-06-11 09:20:03,224 - MyTestV2 - INFO - [None]0
2020-06-11 09:20:03,225 - MyTestV2 - INFO - [None]pass
2020-06-11 09:20:03,564 - MyTestV2 - INFO - [None]1
2020-06-11 09:20:03,564 - MyTestV2 - INFO - [None]false
2020-06-11 09:20:04,061 - MyTestV2 - INFO - [None]1
2020-06-11 09:20:04,062 - MyTestV2 - INFO - [None]false
2020-06-11 09:20:04,569 - MyTestV2 - INFO - [None]1
2020-06-11 09:20:04,569 - MyTestV2 - INFO - [None]false
2020-06-11 09:20:05,061 - MyTestV2 - INFO - [None]1
2020-06-11 09:20:05,061 - MyTestV2 - INFO - [None]false
2020-06-11 09:20:05,559 - MyTestV2 - INFO - [None]1
2020-06-11 09:20:05,559 - MyTestV2 - INFO - [None]false
2020-06-11 09:20:06,059 - MyTestV2 - INFO - [None]1
2020-06-11 09:20:06,059 - MyTestV2 - INFO - [None]false
2020-06-11 09:20:06,563 - MyTestV2 - INFO - [None]1
2020-06-11 09:20:06,564 - MyTestV2 - INFO - [None]false
2020-06-11 09:20:07,062 - MyTestV2 - INFO - [None]1
2020-06-11 09:20:07,062 - MyTestV2 - INFO - [None]false
2020-06-11 09:20:07,064 - MyTestV2 - INFO - [None]OnlineIpArry:['192.168.3.165', '192.168.3.2', '192.168.3.3', '192.168.3.4', '192.168.3.5', '192.168.3.6', '192.168.3.7', '192.168.3.8', '192.168.3.9', '192.168.3.10', '192.168.3.200', '192.168.3.201', '', '', '', '', '', '', '', '', '', '', '', '', '', '', '', '', '', '', '', '', '', '', '', '', '', '', '', '', '', '', '', '', '', '', '', '', '', '', '', '', '', '', '', '', '', '', '', '']
2020-06-11 10:13:04,213 - MyTestV2 - INFO - [None]pass
2020-06-11 10:13:05,507 - MyTestV2 - INFO - [None]../report/2020-06-11-10_12_58.xlsx
2020-06-11 10:13:05,554 - MyTestV2 - INFO - [None]创建线程192.168.3.200
2020-06-11 10:13:08,556 - MyTestV2 - INFO - [192.168.3.200]打开浏览器
2020-06-11 10:13:17,695 - MyTestV2 - INFO - [192.168.3.200]开始登录操作
2020-06-11 10:13:17,877 - MyTestV2 - INFO - [192.168.3.200]点击了登录按钮
2020-06-11 10:13:22,040 - MyTestV2 - INFO - [192.168.3.200]登录成功
2020-06-11 10:13:22,040 - MyTestV2 - INFO - [192.168.3.200]190829
2020-06-11 10:13:22,040 - MyTestV2 - INFO - [192.168.3.200]http://192.168.3.200/#/login
2020-06-11 10:13:22,040 - MyTestV2 - INFO - [192.168.3.200]开始功放开关测试
2020-06-11 10:13:22,040 - MyTestV2 - INFO - [192.168.3.200]打开浏览器
